<?xml version="1.0" encoding="UTF-8"?>
<testsuites>
  <testsuite name="" tests="53" assertions="748" errors="0" warnings="0" failures="0" skipped="0" time="0.013336">
    <testsuite name="Project Test Suite" tests="53" assertions="748" errors="0" warnings="0" failures="0" skipped="0" time="0.013336">
      <testsuite name="App\BlackJack\BlackJackRulesTest" file="/Users/bobobackmnan/mvc_jobb/mvc06/app/tests/BlackJack/BlackJackRulesTest.php" tests="12" assertions="18" errors="0" warnings="0" failures="0" skipped="0" time="0.004862">
        <testcase name="testCountPointsHandlesNumberCards" class="App\BlackJack\BlackJackRulesTest" classname="App.BlackJack.BlackJackRulesTest" file="/Users/bobobackmnan/mvc_jobb/mvc06/app/tests/BlackJack/BlackJackRulesTest.php" line="12" assertions="1" time="0.002284"/>
        <testcase name="testCountPointsHandlesFaceCards" class="App\BlackJack\BlackJackRulesTest" classname="App.BlackJack.BlackJackRulesTest" file="/Users/bobobackmnan/mvc_jobb/mvc06/app/tests/BlackJack/BlackJackRulesTest.php" line="25" assertions="1" time="0.000031"/>
        <testcase name="testCountPointsHandlesAces" class="App\BlackJack\BlackJackRulesTest" classname="App.BlackJack.BlackJackRulesTest" file="/Users/bobobackmnan/mvc_jobb/mvc06/app/tests/BlackJack/BlackJackRulesTest.php" line="38" assertions="1" time="0.000023"/>
        <testcase name="testGetIntFromSessionReturnsZeroWhenValueIsNotNumeric" class="App\BlackJack\BlackJackRulesTest" classname="App.BlackJack.BlackJackRulesTest" file="/Users/bobobackmnan/mvc_jobb/mvc06/app/tests/BlackJack/BlackJackRulesTest.php" line="50" assertions="1" time="0.001921"/>
        <testcase name="testCountPointsReducesAceIfOver21" class="App\BlackJack\BlackJackRulesTest" classname="App.BlackJack.BlackJackRulesTest" file="/Users/bobobackmnan/mvc_jobb/mvc06/app/tests/BlackJack/BlackJackRulesTest.php" line="65" assertions="1" time="0.000026"/>
        <testcase name="testCheckOverTrue" class="App\BlackJack\BlackJackRulesTest" classname="App.BlackJack.BlackJackRulesTest" file="/Users/bobobackmnan/mvc_jobb/mvc06/app/tests/BlackJack/BlackJackRulesTest.php" line="78" assertions="2" time="0.000238"/>
        <testcase name="testCheckOverFalse" class="App\BlackJack\BlackJackRulesTest" classname="App.BlackJack.BlackJackRulesTest" file="/Users/bobobackmnan/mvc_jobb/mvc06/app/tests/BlackJack/BlackJackRulesTest.php" line="85" assertions="1" time="0.000180"/>
        <testcase name="testDecideWinnerPlayerLoses" class="App\BlackJack\BlackJackRulesTest" classname="App.BlackJack.BlackJackRulesTest" file="/Users/bobobackmnan/mvc_jobb/mvc06/app/tests/BlackJack/BlackJackRulesTest.php" line="91" assertions="2" time="0.000034"/>
        <testcase name="testDecideWinnerDealerLoses" class="App\BlackJack\BlackJackRulesTest" classname="App.BlackJack.BlackJackRulesTest" file="/Users/bobobackmnan/mvc_jobb/mvc06/app/tests/BlackJack/BlackJackRulesTest.php" line="103" assertions="2" time="0.000046"/>
        <testcase name="testDecideWinnerPlayerBeatsDealer" class="App\BlackJack\BlackJackRulesTest" classname="App.BlackJack.BlackJackRulesTest" file="/Users/bobobackmnan/mvc_jobb/mvc06/app/tests/BlackJack/BlackJackRulesTest.php" line="115" assertions="2" time="0.000027"/>
        <testcase name="testDecideWinnerDealerBeatsPlayer" class="App\BlackJack\BlackJackRulesTest" classname="App.BlackJack.BlackJackRulesTest" file="/Users/bobobackmnan/mvc_jobb/mvc06/app/tests/BlackJack/BlackJackRulesTest.php" line="127" assertions="2" time="0.000026"/>
        <testcase name="testDecideWinnerDraw" class="App\BlackJack\BlackJackRulesTest" classname="App.BlackJack.BlackJackRulesTest" file="/Users/bobobackmnan/mvc_jobb/mvc06/app/tests/BlackJack/BlackJackRulesTest.php" line="139" assertions="2" time="0.000025"/>
      </testsuite>
      <testsuite name="App\Tests\BlackJack\BlackJackTest" file="/Users/bobobackmnan/mvc_jobb/mvc06/app/tests/BlackJack/BlackJackTest.php" tests="1" assertions="210" errors="0" warnings="0" failures="0" skipped="0" time="0.001112">
        <testcase name="testStartGameReturnsArrayWith52Cards" class="App\Tests\BlackJack\BlackJackTest" classname="App.Tests.BlackJack.BlackJackTest" file="/Users/bobobackmnan/mvc_jobb/mvc06/app/tests/BlackJack/BlackJackTest.php" line="10" assertions="210" time="0.001112"/>
      </testsuite>
      <testsuite name="App\Card\CardHandTest" file="/Users/bobobackmnan/mvc_jobb/mvc06/app/tests/Card/CardHandTest.php" tests="2" assertions="5" errors="0" warnings="0" failures="0" skipped="0" time="0.000574">
        <testcase name="testAddCardToHandAndCount" class="App\Card\CardHandTest" classname="App.Card.CardHandTest" file="/Users/bobobackmnan/mvc_jobb/mvc06/app/tests/Card/CardHandTest.php" line="12" assertions="4" time="0.000548"/>
        <testcase name="testGetValuesReturnsCardValues" class="App\Card\CardHandTest" classname="App.Card.CardHandTest" file="/Users/bobobackmnan/mvc_jobb/mvc06/app/tests/Card/CardHandTest.php" line="27" assertions="1" time="0.000026"/>
      </testsuite>
      <testsuite name="App\Card\CardTest" file="/Users/bobobackmnan/mvc_jobb/mvc06/app/tests/Card/CardTest.php" tests="3" assertions="3" errors="0" warnings="0" failures="0" skipped="0" time="0.000077">
        <testcase name="testGetValue" class="App\Card\CardTest" classname="App.Card.CardTest" file="/Users/bobobackmnan/mvc_jobb/mvc06/app/tests/Card/CardTest.php" line="12" assertions="1" time="0.000031"/>
        <testcase name="testGetSuit" class="App\Card\CardTest" classname="App.Card.CardTest" file="/Users/bobobackmnan/mvc_jobb/mvc06/app/tests/Card/CardTest.php" line="18" assertions="1" time="0.000023"/>
        <testcase name="testGetAsString" class="App\Card\CardTest" classname="App.Card.CardTest" file="/Users/bobobackmnan/mvc_jobb/mvc06/app/tests/Card/CardTest.php" line="24" assertions="1" time="0.000023"/>
      </testsuite>
      <testsuite name="App\Card\DeckOfCardsTest" file="/Users/bobobackmnan/mvc_jobb/mvc06/app/tests/Card/DeckOfCardsTest.php" tests="2" assertions="5" errors="0" warnings="0" failures="0" skipped="0" time="0.000147">
        <testcase name="testDrawReducesDeckSize" class="App\Card\DeckOfCardsTest" classname="App.Card.DeckOfCardsTest" file="/Users/bobobackmnan/mvc_jobb/mvc06/app/tests/Card/DeckOfCardsTest.php" line="12" assertions="3" time="0.000033"/>
        <testcase name="testResetRestoresFullDeck" class="App\Card\DeckOfCardsTest" classname="App.Card.DeckOfCardsTest" file="/Users/bobobackmnan/mvc_jobb/mvc06/app/tests/Card/DeckOfCardsTest.php" line="24" assertions="2" time="0.000113"/>
      </testsuite>
      <testsuite name="App\Controller\ApiControllerTest" file="/Users/bobobackmnan/mvc_jobb/mvc06/app/tests/Controller/ApiControllerTest.php" tests="10" assertions="35" errors="0" warnings="0" failures="0" skipped="0" time="0.003690">
        <testcase name="testAssertArrayReturnsArray" class="App\Controller\ApiControllerTest" classname="App.Controller.ApiControllerTest" file="/Users/bobobackmnan/mvc_jobb/mvc06/app/tests/Controller/ApiControllerTest.php" line="26" assertions="1" time="0.000864"/>
        <testcase name="testAssertArrayThrowsExceptionForNonArray" class="App\Controller\ApiControllerTest" classname="App.Controller.ApiControllerTest" file="/Users/bobobackmnan/mvc_jobb/mvc06/app/tests/Controller/ApiControllerTest.php" line="34" assertions="2" time="0.000579"/>
        <testcase name="testApiDeckReturns52Cards" class="App\Controller\ApiControllerTest" classname="App.Controller.ApiControllerTest" file="/Users/bobobackmnan/mvc_jobb/mvc06/app/tests/Controller/ApiControllerTest.php" line="42" assertions="4" time="0.001900"/>
        <testcase name="testApiShuffle" class="App\Controller\ApiControllerTest" classname="App.Controller.ApiControllerTest" file="/Users/bobobackmnan/mvc_jobb/mvc06/app/tests/Controller/ApiControllerTest.php" line="56" assertions="6" time="0.000083"/>
        <testcase name="testDrawCardApi" class="App\Controller\ApiControllerTest" classname="App.Controller.ApiControllerTest" file="/Users/bobobackmnan/mvc_jobb/mvc06/app/tests/Controller/ApiControllerTest.php" line="76" assertions="5" time="0.000053"/>
        <testcase name="testDrawMultipleCards" class="App\Controller\ApiControllerTest" classname="App.Controller.ApiControllerTest" file="/Users/bobobackmnan/mvc_jobb/mvc06/app/tests/Controller/ApiControllerTest.php" line="104" assertions="3" time="0.000049"/>
        <testcase name="testDrawTooManyCardsThrowsException" class="App\Controller\ApiControllerTest" classname="App.Controller.ApiControllerTest" file="/Users/bobobackmnan/mvc_jobb/mvc06/app/tests/Controller/ApiControllerTest.php" line="130" assertions="2" time="0.000030"/>
        <testcase name="testDealCardsToPlayers" class="App\Controller\ApiControllerTest" classname="App.Controller.ApiControllerTest" file="/Users/bobobackmnan/mvc_jobb/mvc06/app/tests/Controller/ApiControllerTest.php" line="144" assertions="4" time="0.000051"/>
        <testcase name="testDealTooManyCardsThrowsException" class="App\Controller\ApiControllerTest" classname="App.Controller.ApiControllerTest" file="/Users/bobobackmnan/mvc_jobb/mvc06/app/tests/Controller/ApiControllerTest.php" line="171" assertions="2" time="0.000040"/>
        <testcase name="testGameApiReturnsExpectedSessionData" class="App\Controller\ApiControllerTest" classname="App.Controller.ApiControllerTest" file="/Users/bobobackmnan/mvc_jobb/mvc06/app/tests/Controller/ApiControllerTest.php" line="193" assertions="6" time="0.000041"/>
      </testsuite>
      <testsuite name="App\Controller\CardControllerTest" file="/Users/bobobackmnan/mvc_jobb/mvc06/app/tests/Controller/CardControllerTest.php" tests="13" assertions="42" errors="0" warnings="0" failures="0" skipped="0" time="0.001253">
        <testcase name="testRenderHome" class="App\Controller\CardControllerTest" classname="App.Controller.CardControllerTest" file="/Users/bobobackmnan/mvc_jobb/mvc06/app/tests/Controller/CardControllerTest.php" line="22" assertions="1" time="0.000258"/>
        <testcase name="testSessionGet" class="App\Controller\CardControllerTest" classname="App.Controller.CardControllerTest" file="/Users/bobobackmnan/mvc_jobb/mvc06/app/tests/Controller/CardControllerTest.php" line="38" assertions="4" time="0.000043"/>
        <testcase name="testSessionDestroy" class="App\Controller\CardControllerTest" classname="App.Controller.CardControllerTest" file="/Users/bobobackmnan/mvc_jobb/mvc06/app/tests/Controller/CardControllerTest.php" line="67" assertions="5" time="0.000601"/>
        <testcase name="testRenderDeck" class="App\Controller\CardControllerTest" classname="App.Controller.CardControllerTest" file="/Users/bobobackmnan/mvc_jobb/mvc06/app/tests/Controller/CardControllerTest.php" line="104" assertions="1" time="0.000041"/>
        <testcase name="testShuffleDeck" class="App\Controller\CardControllerTest" classname="App.Controller.CardControllerTest" file="/Users/bobobackmnan/mvc_jobb/mvc06/app/tests/Controller/CardControllerTest.php" line="121" assertions="7" time="0.000053"/>
        <testcase name="testDrawCard" class="App\Controller\CardControllerTest" classname="App.Controller.CardControllerTest" file="/Users/bobobackmnan/mvc_jobb/mvc06/app/tests/Controller/CardControllerTest.php" line="154" assertions="5" time="0.000039"/>
        <testcase name="testDrawCardThrowsExceptionWhenDeckIsInvalid" class="App\Controller\CardControllerTest" classname="App.Controller.CardControllerTest" file="/Users/bobobackmnan/mvc_jobb/mvc06/app/tests/Controller/CardControllerTest.php" line="190" assertions="2" time="0.000031"/>
        <testcase name="testDrawCardsThrowsLogicExceptionOnInvalidDeck" class="App\Controller\CardControllerTest" classname="App.Controller.CardControllerTest" file="/Users/bobobackmnan/mvc_jobb/mvc06/app/tests/Controller/CardControllerTest.php" line="203" assertions="2" time="0.000028"/>
        <testcase name="testDrawCardsThrowsExceptionWhenNotEnoughCards" class="App\Controller\CardControllerTest" classname="App.Controller.CardControllerTest" file="/Users/bobobackmnan/mvc_jobb/mvc06/app/tests/Controller/CardControllerTest.php" line="216" assertions="2" time="0.000028"/>
        <testcase name="testDrawCardsSuccessfullyDrawsCards" class="App\Controller\CardControllerTest" classname="App.Controller.CardControllerTest" file="/Users/bobobackmnan/mvc_jobb/mvc06/app/tests/Controller/CardControllerTest.php" line="232" assertions="4" time="0.000037"/>
        <testcase name="testDrawCardsPlayersDistributesCards" class="App\Controller\CardControllerTest" classname="App.Controller.CardControllerTest" file="/Users/bobobackmnan/mvc_jobb/mvc06/app/tests/Controller/CardControllerTest.php" line="268" assertions="5" time="0.000037"/>
        <testcase name="testDrawCardsPlayersThrowsIfNotEnoughCards" class="App\Controller\CardControllerTest" classname="App.Controller.CardControllerTest" file="/Users/bobobackmnan/mvc_jobb/mvc06/app/tests/Controller/CardControllerTest.php" line="304" assertions="2" time="0.000028"/>
        <testcase name="testDrawCardsPlayersThrowsIfDeckNotArray" class="App\Controller\CardControllerTest" classname="App.Controller.CardControllerTest" file="/Users/bobobackmnan/mvc_jobb/mvc06/app/tests/Controller/CardControllerTest.php" line="317" assertions="2" time="0.000028"/>
      </testsuite>
      <testsuite name="App\Dice\DiceGraphicTest" file="/Users/bobobackmnan/mvc_jobb/mvc06/app/tests/Dice/DiceGraphicTest.php" tests="2" assertions="3" errors="0" warnings="0" failures="0" skipped="0" time="0.000457">
        <testcase name="testCanInstantiateGraphicDice" class="App\Dice\DiceGraphicTest" classname="App.Dice.DiceGraphicTest" file="/Users/bobobackmnan/mvc_jobb/mvc06/app/tests/Dice/DiceGraphicTest.php" line="13" assertions="1" time="0.000139"/>
        <testcase name="testGetAsStringReturnsCorrectSymbol" class="App\Dice\DiceGraphicTest" classname="App.Dice.DiceGraphicTest" file="/Users/bobobackmnan/mvc_jobb/mvc06/app/tests/Dice/DiceGraphicTest.php" line="19" assertions="2" time="0.000318"/>
      </testsuite>
      <testsuite name="App\Dice\DiceHandTest" file="/Users/bobobackmnan/mvc_jobb/mvc06/app/tests/Dice/DiceHandTest.php" tests="4" assertions="16" errors="0" warnings="0" failures="0" skipped="0" time="0.000520">
        <testcase name="testAdd" class="App\Dice\DiceHandTest" classname="App.Dice.DiceHandTest" file="/Users/bobobackmnan/mvc_jobb/mvc06/app/tests/Dice/DiceHandTest.php" line="12" assertions="2" time="0.000081"/>
        <testcase name="testRollDice" class="App\Dice\DiceHandTest" classname="App.Dice.DiceHandTest" file="/Users/bobobackmnan/mvc_jobb/mvc06/app/tests/Dice/DiceHandTest.php" line="30" assertions="8" time="0.000386"/>
        <testcase name="testGetNumberDice" class="App\Dice\DiceHandTest" classname="App.Dice.DiceHandTest" file="/Users/bobobackmnan/mvc_jobb/mvc06/app/tests/Dice/DiceHandTest.php" line="44" assertions="1" time="0.000025"/>
        <testcase name="testGetString" class="App\Dice\DiceHandTest" classname="App.Dice.DiceHandTest" file="/Users/bobobackmnan/mvc_jobb/mvc06/app/tests/Dice/DiceHandTest.php" line="55" assertions="5" time="0.000028"/>
      </testsuite>
      <testsuite name="App\Dice\DiceTest" file="/Users/bobobackmnan/mvc_jobb/mvc06/app/tests/Dice/DiceTest.php" tests="4" assertions="411" errors="0" warnings="0" failures="0" skipped="0" time="0.000645">
        <testcase name="testCreateDice" class="App\Dice\DiceTest" classname="App.Dice.DiceTest" file="/Users/bobobackmnan/mvc_jobb/mvc06/app/tests/Dice/DiceTest.php" line="16" assertions="2" time="0.000026"/>
        <testcase name="testRollDice" class="App\Dice\DiceTest" classname="App.Dice.DiceTest" file="/Users/bobobackmnan/mvc_jobb/mvc06/app/tests/Dice/DiceTest.php" line="25" assertions="402" time="0.000566"/>
        <testcase name="testGetValue" class="App\Dice\DiceTest" classname="App.Dice.DiceTest" file="/Users/bobobackmnan/mvc_jobb/mvc06/app/tests/Dice/DiceTest.php" line="40" assertions="2" time="0.000027"/>
        <testcase name="testGetValueAfterRollReturnsValue" class="App\Dice\DiceTest" classname="App.Dice.DiceTest" file="/Users/bobobackmnan/mvc_jobb/mvc06/app/tests/Dice/DiceTest.php" line="49" assertions="5" time="0.000026"/>
      </testsuite>
    </testsuite>
  </testsuite>
</testsuites>
