<?xml version="1.0" encoding="UTF-8"?>
<testsuites>
  <testsuite name="" tests="76" assertions="605" errors="0" warnings="0" failures="0" skipped="0" time="0.050552">
    <testsuite name="Project Test Suite" tests="76" assertions="605" errors="0" warnings="0" failures="0" skipped="0" time="0.050552">
      <testsuite name="App\BlackJack\BlackJackRulesTest" file="/Users/bobobackmnan/dbwebb-kurser/mvc/me/report/tests/BlackJack/BlackJackRulesTest.php" tests="12" assertions="18" errors="0" warnings="0" failures="0" skipped="0" time="0.010386">
        <testcase name="testCountPointsHandlesNumberCards" class="App\BlackJack\BlackJackRulesTest" classname="App.BlackJack.BlackJackRulesTest" file="/Users/bobobackmnan/dbwebb-kurser/mvc/me/report/tests/BlackJack/BlackJackRulesTest.php" line="12" assertions="1" time="0.003736"/>
        <testcase name="testCountPointsHandlesFaceCards" class="App\BlackJack\BlackJackRulesTest" classname="App.BlackJack.BlackJackRulesTest" file="/Users/bobobackmnan/dbwebb-kurser/mvc/me/report/tests/BlackJack/BlackJackRulesTest.php" line="25" assertions="1" time="0.000190"/>
        <testcase name="testCountPointsHandlesAces" class="App\BlackJack\BlackJackRulesTest" classname="App.BlackJack.BlackJackRulesTest" file="/Users/bobobackmnan/dbwebb-kurser/mvc/me/report/tests/BlackJack/BlackJackRulesTest.php" line="38" assertions="1" time="0.000171"/>
        <testcase name="testGetIntFromSessionReturnsZeroWhenValueIsNotNumeric" class="App\BlackJack\BlackJackRulesTest" classname="App.BlackJack.BlackJackRulesTest" file="/Users/bobobackmnan/dbwebb-kurser/mvc/me/report/tests/BlackJack/BlackJackRulesTest.php" line="50" assertions="1" time="0.004416"/>
        <testcase name="testCountPointsReducesAceIfOver21" class="App\BlackJack\BlackJackRulesTest" classname="App.BlackJack.BlackJackRulesTest" file="/Users/bobobackmnan/dbwebb-kurser/mvc/me/report/tests/BlackJack/BlackJackRulesTest.php" line="65" assertions="1" time="0.000184"/>
        <testcase name="testCheckOverTrue" class="App\BlackJack\BlackJackRulesTest" classname="App.BlackJack.BlackJackRulesTest" file="/Users/bobobackmnan/dbwebb-kurser/mvc/me/report/tests/BlackJack/BlackJackRulesTest.php" line="78" assertions="2" time="0.000399"/>
        <testcase name="testCheckOverFalse" class="App\BlackJack\BlackJackRulesTest" classname="App.BlackJack.BlackJackRulesTest" file="/Users/bobobackmnan/dbwebb-kurser/mvc/me/report/tests/BlackJack/BlackJackRulesTest.php" line="85" assertions="1" time="0.000346"/>
        <testcase name="testDecideWinnerPlayerLoses" class="App\BlackJack\BlackJackRulesTest" classname="App.BlackJack.BlackJackRulesTest" file="/Users/bobobackmnan/dbwebb-kurser/mvc/me/report/tests/BlackJack/BlackJackRulesTest.php" line="91" assertions="2" time="0.000195"/>
        <testcase name="testDecideWinnerDealerLoses" class="App\BlackJack\BlackJackRulesTest" classname="App.BlackJack.BlackJackRulesTest" file="/Users/bobobackmnan/dbwebb-kurser/mvc/me/report/tests/BlackJack/BlackJackRulesTest.php" line="103" assertions="2" time="0.000190"/>
        <testcase name="testDecideWinnerPlayerBeatsDealer" class="App\BlackJack\BlackJackRulesTest" classname="App.BlackJack.BlackJackRulesTest" file="/Users/bobobackmnan/dbwebb-kurser/mvc/me/report/tests/BlackJack/BlackJackRulesTest.php" line="115" assertions="2" time="0.000188"/>
        <testcase name="testDecideWinnerDealerBeatsPlayer" class="App\BlackJack\BlackJackRulesTest" classname="App.BlackJack.BlackJackRulesTest" file="/Users/bobobackmnan/dbwebb-kurser/mvc/me/report/tests/BlackJack/BlackJackRulesTest.php" line="127" assertions="2" time="0.000185"/>
        <testcase name="testDecideWinnerDraw" class="App\BlackJack\BlackJackRulesTest" classname="App.BlackJack.BlackJackRulesTest" file="/Users/bobobackmnan/dbwebb-kurser/mvc/me/report/tests/BlackJack/BlackJackRulesTest.php" line="139" assertions="2" time="0.000186"/>
      </testsuite>
      <testsuite name="App\BlackJack\BlackJackTest" file="/Users/bobobackmnan/dbwebb-kurser/mvc/me/report/tests/BlackJack/BlackJackTest.php" tests="2" assertions="4" errors="0" warnings="0" failures="0" skipped="0" time="0.007077">
        <testcase name="testStartGameStoresDeckInSession" class="App\BlackJack\BlackJackTest" classname="App.BlackJack.BlackJackTest" file="/Users/bobobackmnan/dbwebb-kurser/mvc/me/report/tests/BlackJack/BlackJackTest.php" line="12" assertions="3" time="0.002048"/>
        <testcase name="testDeckIsShuffled" class="App\BlackJack\BlackJackTest" classname="App.BlackJack.BlackJackTest" file="/Users/bobobackmnan/dbwebb-kurser/mvc/me/report/tests/BlackJack/BlackJackTest.php" line="24" assertions="1" time="0.005029"/>
      </testsuite>
      <testsuite name="App\Card\CardHandTest" file="/Users/bobobackmnan/dbwebb-kurser/mvc/me/report/tests/Card/CardHandTest.php" tests="2" assertions="5" errors="0" warnings="0" failures="0" skipped="0" time="0.000997">
        <testcase name="testAddCardToHandAndCount" class="App\Card\CardHandTest" classname="App.Card.CardHandTest" file="/Users/bobobackmnan/dbwebb-kurser/mvc/me/report/tests/Card/CardHandTest.php" line="12" assertions="4" time="0.000824"/>
        <testcase name="testGetValuesReturnsCardValues" class="App\Card\CardHandTest" classname="App.Card.CardHandTest" file="/Users/bobobackmnan/dbwebb-kurser/mvc/me/report/tests/Card/CardHandTest.php" line="27" assertions="1" time="0.000173"/>
      </testsuite>
      <testsuite name="App\Card\CardTest" file="/Users/bobobackmnan/dbwebb-kurser/mvc/me/report/tests/Card/CardTest.php" tests="3" assertions="3" errors="0" warnings="0" failures="0" skipped="0" time="0.000459">
        <testcase name="testGetValue" class="App\Card\CardTest" classname="App.Card.CardTest" file="/Users/bobobackmnan/dbwebb-kurser/mvc/me/report/tests/Card/CardTest.php" line="12" assertions="1" time="0.000156"/>
        <testcase name="testGetSuit" class="App\Card\CardTest" classname="App.Card.CardTest" file="/Users/bobobackmnan/dbwebb-kurser/mvc/me/report/tests/Card/CardTest.php" line="18" assertions="1" time="0.000152"/>
        <testcase name="testGetAsString" class="App\Card\CardTest" classname="App.Card.CardTest" file="/Users/bobobackmnan/dbwebb-kurser/mvc/me/report/tests/Card/CardTest.php" line="24" assertions="1" time="0.000152"/>
      </testsuite>
      <testsuite name="App\Card\DeckOfCardsTest" file="/Users/bobobackmnan/dbwebb-kurser/mvc/me/report/tests/Card/DeckOfCardsTest.php" tests="2" assertions="5" errors="0" warnings="0" failures="0" skipped="0" time="0.000784">
        <testcase name="testDrawReducesDeckSize" class="App\Card\DeckOfCardsTest" classname="App.Card.DeckOfCardsTest" file="/Users/bobobackmnan/dbwebb-kurser/mvc/me/report/tests/Card/DeckOfCardsTest.php" line="12" assertions="3" time="0.000251"/>
        <testcase name="testResetRestoresFullDeck" class="App\Card\DeckOfCardsTest" classname="App.Card.DeckOfCardsTest" file="/Users/bobobackmnan/dbwebb-kurser/mvc/me/report/tests/Card/DeckOfCardsTest.php" line="24" assertions="2" time="0.000533"/>
      </testsuite>
      <testsuite name="App\Controller\ApiControllerTest" file="/Users/bobobackmnan/dbwebb-kurser/mvc/me/report/tests/Controller/ApiControllerTest.php" tests="10" assertions="35" errors="0" warnings="0" failures="0" skipped="0" time="0.011088">
        <testcase name="testAssertArrayReturnsArray" class="App\Controller\ApiControllerTest" classname="App.Controller.ApiControllerTest" file="/Users/bobobackmnan/dbwebb-kurser/mvc/me/report/tests/Controller/ApiControllerTest.php" line="26" assertions="1" time="0.001906"/>
        <testcase name="testAssertArrayThrowsExceptionForNonArray" class="App\Controller\ApiControllerTest" classname="App.Controller.ApiControllerTest" file="/Users/bobobackmnan/dbwebb-kurser/mvc/me/report/tests/Controller/ApiControllerTest.php" line="34" assertions="2" time="0.000898"/>
        <testcase name="testApiDeckReturns52Cards" class="App\Controller\ApiControllerTest" classname="App.Controller.ApiControllerTest" file="/Users/bobobackmnan/dbwebb-kurser/mvc/me/report/tests/Controller/ApiControllerTest.php" line="42" assertions="4" time="0.005562"/>
        <testcase name="testApiShuffle" class="App\Controller\ApiControllerTest" classname="App.Controller.ApiControllerTest" file="/Users/bobobackmnan/dbwebb-kurser/mvc/me/report/tests/Controller/ApiControllerTest.php" line="56" assertions="6" time="0.000514"/>
        <testcase name="testDrawCardApi" class="App\Controller\ApiControllerTest" classname="App.Controller.ApiControllerTest" file="/Users/bobobackmnan/dbwebb-kurser/mvc/me/report/tests/Controller/ApiControllerTest.php" line="76" assertions="5" time="0.000448"/>
        <testcase name="testDrawMultipleCards" class="App\Controller\ApiControllerTest" classname="App.Controller.ApiControllerTest" file="/Users/bobobackmnan/dbwebb-kurser/mvc/me/report/tests/Controller/ApiControllerTest.php" line="104" assertions="3" time="0.000428"/>
        <testcase name="testDrawTooManyCardsThrowsException" class="App\Controller\ApiControllerTest" classname="App.Controller.ApiControllerTest" file="/Users/bobobackmnan/dbwebb-kurser/mvc/me/report/tests/Controller/ApiControllerTest.php" line="130" assertions="2" time="0.000211"/>
        <testcase name="testDealCardsToPlayers" class="App\Controller\ApiControllerTest" classname="App.Controller.ApiControllerTest" file="/Users/bobobackmnan/dbwebb-kurser/mvc/me/report/tests/Controller/ApiControllerTest.php" line="144" assertions="4" time="0.000451"/>
        <testcase name="testDealTooManyCardsThrowsException" class="App\Controller\ApiControllerTest" classname="App.Controller.ApiControllerTest" file="/Users/bobobackmnan/dbwebb-kurser/mvc/me/report/tests/Controller/ApiControllerTest.php" line="171" assertions="2" time="0.000420"/>
        <testcase name="testGameApiReturnsExpectedSessionData" class="App\Controller\ApiControllerTest" classname="App.Controller.ApiControllerTest" file="/Users/bobobackmnan/dbwebb-kurser/mvc/me/report/tests/Controller/ApiControllerTest.php" line="193" assertions="6" time="0.000250"/>
      </testsuite>
      <testsuite name="App\Controller\BlackJackControllerTest" file="/Users/bobobackmnan/dbwebb-kurser/mvc/me/report/tests/Controller/BlackJackcontrollerTest.php" tests="22" assertions="63" errors="0" warnings="0" failures="0" skipped="0" time="0.007591">
        <testcase name="testConstructorInitializesRules" class="App\Controller\BlackJackControllerTest" classname="App.Controller.BlackJackControllerTest" file="/Users/bobobackmnan/dbwebb-kurser/mvc/me/report/tests/Controller/BlackJackcontrollerTest.php" line="20" assertions="1" time="0.000775"/>
        <testcase name="testAssertArrayReturnsArray" class="App\Controller\BlackJackControllerTest" classname="App.Controller.BlackJackControllerTest" file="/Users/bobobackmnan/dbwebb-kurser/mvc/me/report/tests/Controller/BlackJackcontrollerTest.php" line="40" assertions="1" time="0.000218"/>
        <testcase name="testAssertArrayThrowsExceptionForNonArray" class="App\Controller\BlackJackControllerTest" classname="App.Controller.BlackJackControllerTest" file="/Users/bobobackmnan/dbwebb-kurser/mvc/me/report/tests/Controller/BlackJackcontrollerTest.php" line="48" assertions="2" time="0.000191"/>
        <testcase name="testAssertIntReturnsInt" class="App\Controller\BlackJackControllerTest" classname="App.Controller.BlackJackControllerTest" file="/Users/bobobackmnan/dbwebb-kurser/mvc/me/report/tests/Controller/BlackJackcontrollerTest.php" line="65" assertions="1" time="0.000149"/>
        <testcase name="testAssertIntThrowsExceptionForNonInt" class="App\Controller\BlackJackControllerTest" classname="App.Controller.BlackJackControllerTest" file="/Users/bobobackmnan/dbwebb-kurser/mvc/me/report/tests/Controller/BlackJackcontrollerTest.php" line="71" assertions="2" time="0.000167"/>
        <testcase name="testDocReturnsResponse" class="App\Controller\BlackJackControllerTest" classname="App.Controller.BlackJackControllerTest" file="/Users/bobobackmnan/dbwebb-kurser/mvc/me/report/tests/Controller/BlackJackcontrollerTest.php" line="79" assertions="1" time="0.000213"/>
        <testcase name="testRouleReturnsResponse" class="App\Controller\BlackJackControllerTest" classname="App.Controller.BlackJackControllerTest" file="/Users/bobobackmnan/dbwebb-kurser/mvc/me/report/tests/Controller/BlackJackcontrollerTest.php" line="92" assertions="1" time="0.000165"/>
        <testcase name="testGameStartRendersCorrectTemplate" class="App\Controller\BlackJackControllerTest" classname="App.Controller.BlackJackControllerTest" file="/Users/bobobackmnan/dbwebb-kurser/mvc/me/report/tests/Controller/BlackJackcontrollerTest.php" line="105" assertions="8" time="0.000931"/>
        <testcase name="testGameStartReturnsWinnerViewIfPlayerOver21" class="App\Controller\BlackJackControllerTest" classname="App.Controller.BlackJackControllerTest" file="/Users/bobobackmnan/dbwebb-kurser/mvc/me/report/tests/Controller/BlackJackcontrollerTest.php" line="137" assertions="2" time="0.000809"/>
        <testcase name="testSplitIsTrueWhenCardsMatch" class="App\Controller\BlackJackControllerTest" classname="App.Controller.BlackJackControllerTest" file="/Users/bobobackmnan/dbwebb-kurser/mvc/me/report/tests/Controller/BlackJackcontrollerTest.php" line="173" assertions="1" time="0.000147"/>
        <testcase name="testSplitIsFalseWhenCardsDiffer" class="App\Controller\BlackJackControllerTest" classname="App.Controller.BlackJackControllerTest" file="/Users/bobobackmnan/dbwebb-kurser/mvc/me/report/tests/Controller/BlackJackcontrollerTest.php" line="189" assertions="1" time="0.000148"/>
        <testcase name="testAddCardAddsCardAndRendersGameStart" class="App\Controller\BlackJackControllerTest" classname="App.Controller.BlackJackControllerTest" file="/Users/bobobackmnan/dbwebb-kurser/mvc/me/report/tests/Controller/BlackJackcontrollerTest.php" line="205" assertions="4" time="0.000282"/>
        <testcase name="testAddCardReturnsWinnerViewWhenOver" class="App\Controller\BlackJackControllerTest" classname="App.Controller.BlackJackControllerTest" file="/Users/bobobackmnan/dbwebb-kurser/mvc/me/report/tests/Controller/BlackJackcontrollerTest.php" line="237" assertions="3" time="0.000241"/>
        <testcase name="testAddCardSplitHand1" class="App\Controller\BlackJackControllerTest" classname="App.Controller.BlackJackControllerTest" file="/Users/bobobackmnan/dbwebb-kurser/mvc/me/report/tests/Controller/BlackJackcontrollerTest.php" line="283" assertions="4" time="0.000253"/>
        <testcase name="testAddCardSplitRedirectsWhenHand2PointsHigh" class="App\Controller\BlackJackControllerTest" classname="App.Controller.BlackJackControllerTest" file="/Users/bobobackmnan/dbwebb-kurser/mvc/me/report/tests/Controller/BlackJackcontrollerTest.php" line="328" assertions="3" time="0.000977"/>
        <testcase name="testAddCardSplitSwitchesToHand2WhenHand1Over21" class="App\Controller\BlackJackControllerTest" classname="App.Controller.BlackJackControllerTest" file="/Users/bobobackmnan/dbwebb-kurser/mvc/me/report/tests/Controller/BlackJackcontrollerTest.php" line="367" assertions="1" time="0.000273"/>
        <testcase name="testStandDealerDrawsUnder16" class="App\Controller\BlackJackControllerTest" classname="App.Controller.BlackJackControllerTest" file="/Users/bobobackmnan/dbwebb-kurser/mvc/me/report/tests/Controller/BlackJackcontrollerTest.php" line="403" assertions="4" time="0.000265"/>
        <testcase name="testStandNoDrawNeeded" class="App\Controller\BlackJackControllerTest" classname="App.Controller.BlackJackControllerTest" file="/Users/bobobackmnan/dbwebb-kurser/mvc/me/report/tests/Controller/BlackJackcontrollerTest.php" line="451" assertions="3" time="0.000250"/>
        <testcase name="testStandSplitSwitchesToHand2" class="App\Controller\BlackJackControllerTest" classname="App.Controller.BlackJackControllerTest" file="/Users/bobobackmnan/dbwebb-kurser/mvc/me/report/tests/Controller/BlackJackcontrollerTest.php" line="495" assertions="4" time="0.000259"/>
        <testcase name="testStandSplitEvaluatesBothHands" class="App\Controller\BlackJackControllerTest" classname="App.Controller.BlackJackControllerTest" file="/Users/bobobackmnan/dbwebb-kurser/mvc/me/report/tests/Controller/BlackJackcontrollerTest.php" line="526" assertions="4" time="0.000257"/>
        <testcase name="testStandSplitDealerDrawsCardsUntilSixteen" class="App\Controller\BlackJackControllerTest" classname="App.Controller.BlackJackControllerTest" file="/Users/bobobackmnan/dbwebb-kurser/mvc/me/report/tests/Controller/BlackJackcontrollerTest.php" line="575" assertions="5" time="0.000264"/>
        <testcase name="testSplitSeparatesHandsCorrectly" class="App\Controller\BlackJackControllerTest" classname="App.Controller.BlackJackControllerTest" file="/Users/bobobackmnan/dbwebb-kurser/mvc/me/report/tests/Controller/BlackJackcontrollerTest.php" line="630" assertions="7" time="0.000358"/>
      </testsuite>
      <testsuite name="App\Controller\CardControllerTest" file="/Users/bobobackmnan/dbwebb-kurser/mvc/me/report/tests/Controller/CardControllerTest.php" tests="13" assertions="42" errors="0" warnings="0" failures="0" skipped="0" time="0.004393">
        <testcase name="testRenderHome" class="App\Controller\CardControllerTest" classname="App.Controller.CardControllerTest" file="/Users/bobobackmnan/dbwebb-kurser/mvc/me/report/tests/Controller/CardControllerTest.php" line="22" assertions="1" time="0.000679"/>
        <testcase name="testSessionGet" class="App\Controller\CardControllerTest" classname="App.Controller.CardControllerTest" file="/Users/bobobackmnan/dbwebb-kurser/mvc/me/report/tests/Controller/CardControllerTest.php" line="38" assertions="4" time="0.000234"/>
        <testcase name="testSessionDestroy" class="App\Controller\CardControllerTest" classname="App.Controller.CardControllerTest" file="/Users/bobobackmnan/dbwebb-kurser/mvc/me/report/tests/Controller/CardControllerTest.php" line="67" assertions="5" time="0.000498"/>
        <testcase name="testRenderDeck" class="App\Controller\CardControllerTest" classname="App.Controller.CardControllerTest" file="/Users/bobobackmnan/dbwebb-kurser/mvc/me/report/tests/Controller/CardControllerTest.php" line="104" assertions="1" time="0.000284"/>
        <testcase name="testShuffleDeck" class="App\Controller\CardControllerTest" classname="App.Controller.CardControllerTest" file="/Users/bobobackmnan/dbwebb-kurser/mvc/me/report/tests/Controller/CardControllerTest.php" line="121" assertions="7" time="0.000681"/>
        <testcase name="testDrawCard" class="App\Controller\CardControllerTest" classname="App.Controller.CardControllerTest" file="/Users/bobobackmnan/dbwebb-kurser/mvc/me/report/tests/Controller/CardControllerTest.php" line="154" assertions="5" time="0.000275"/>
        <testcase name="testDrawCardThrowsExceptionWhenDeckIsInvalid" class="App\Controller\CardControllerTest" classname="App.Controller.CardControllerTest" file="/Users/bobobackmnan/dbwebb-kurser/mvc/me/report/tests/Controller/CardControllerTest.php" line="190" assertions="2" time="0.000271"/>
        <testcase name="testDrawCardsThrowsLogicExceptionOnInvalidDeck" class="App\Controller\CardControllerTest" classname="App.Controller.CardControllerTest" file="/Users/bobobackmnan/dbwebb-kurser/mvc/me/report/tests/Controller/CardControllerTest.php" line="203" assertions="2" time="0.000236"/>
        <testcase name="testDrawCardsThrowsExceptionWhenNotEnoughCards" class="App\Controller\CardControllerTest" classname="App.Controller.CardControllerTest" file="/Users/bobobackmnan/dbwebb-kurser/mvc/me/report/tests/Controller/CardControllerTest.php" line="216" assertions="2" time="0.000211"/>
        <testcase name="testDrawCardsSuccessfullyDrawsCards" class="App\Controller\CardControllerTest" classname="App.Controller.CardControllerTest" file="/Users/bobobackmnan/dbwebb-kurser/mvc/me/report/tests/Controller/CardControllerTest.php" line="232" assertions="4" time="0.000377"/>
        <testcase name="testDrawCardsPlayersDistributesCards" class="App\Controller\CardControllerTest" classname="App.Controller.CardControllerTest" file="/Users/bobobackmnan/dbwebb-kurser/mvc/me/report/tests/Controller/CardControllerTest.php" line="268" assertions="5" time="0.000223"/>
        <testcase name="testDrawCardsPlayersThrowsIfNotEnoughCards" class="App\Controller\CardControllerTest" classname="App.Controller.CardControllerTest" file="/Users/bobobackmnan/dbwebb-kurser/mvc/me/report/tests/Controller/CardControllerTest.php" line="304" assertions="2" time="0.000201"/>
        <testcase name="testDrawCardsPlayersThrowsIfDeckNotArray" class="App\Controller\CardControllerTest" classname="App.Controller.CardControllerTest" file="/Users/bobobackmnan/dbwebb-kurser/mvc/me/report/tests/Controller/CardControllerTest.php" line="317" assertions="2" time="0.000223"/>
      </testsuite>
      <testsuite name="App\Dice\DiceGraphicTest" file="/Users/bobobackmnan/dbwebb-kurser/mvc/me/report/tests/Dice/DiceGraphicTest.php" tests="2" assertions="3" errors="0" warnings="0" failures="0" skipped="0" time="0.001105">
        <testcase name="testCanInstantiateGraphicDice" class="App\Dice\DiceGraphicTest" classname="App.Dice.DiceGraphicTest" file="/Users/bobobackmnan/dbwebb-kurser/mvc/me/report/tests/Dice/DiceGraphicTest.php" line="13" assertions="1" time="0.000892"/>
        <testcase name="testGetAsStringReturnsCorrectSymbol" class="App\Dice\DiceGraphicTest" classname="App.Dice.DiceGraphicTest" file="/Users/bobobackmnan/dbwebb-kurser/mvc/me/report/tests/Dice/DiceGraphicTest.php" line="19" assertions="2" time="0.000213"/>
      </testsuite>
      <testsuite name="App\Dice\DiceHandTest" file="/Users/bobobackmnan/dbwebb-kurser/mvc/me/report/tests/Dice/DiceHandTest.php" tests="4" assertions="16" errors="0" warnings="0" failures="0" skipped="0" time="0.001822">
        <testcase name="testAdd" class="App\Dice\DiceHandTest" classname="App.Dice.DiceHandTest" file="/Users/bobobackmnan/dbwebb-kurser/mvc/me/report/tests/Dice/DiceHandTest.php" line="12" assertions="2" time="0.000508"/>
        <testcase name="testRollDice" class="App\Dice\DiceHandTest" classname="App.Dice.DiceHandTest" file="/Users/bobobackmnan/dbwebb-kurser/mvc/me/report/tests/Dice/DiceHandTest.php" line="30" assertions="8" time="0.000924"/>
        <testcase name="testGetNumberDice" class="App\Dice\DiceHandTest" classname="App.Dice.DiceHandTest" file="/Users/bobobackmnan/dbwebb-kurser/mvc/me/report/tests/Dice/DiceHandTest.php" line="44" assertions="1" time="0.000170"/>
        <testcase name="testGetString" class="App\Dice\DiceHandTest" classname="App.Dice.DiceHandTest" file="/Users/bobobackmnan/dbwebb-kurser/mvc/me/report/tests/Dice/DiceHandTest.php" line="55" assertions="5" time="0.000219"/>
      </testsuite>
      <testsuite name="App\Dice\DiceTest" file="/Users/bobobackmnan/dbwebb-kurser/mvc/me/report/tests/Dice/DiceTest.php" tests="4" assertions="411" errors="0" warnings="0" failures="0" skipped="0" time="0.004850">
        <testcase name="testCreateDice" class="App\Dice\DiceTest" classname="App.Dice.DiceTest" file="/Users/bobobackmnan/dbwebb-kurser/mvc/me/report/tests/Dice/DiceTest.php" line="16" assertions="2" time="0.000181"/>
        <testcase name="testRollDice" class="App\Dice\DiceTest" classname="App.Dice.DiceTest" file="/Users/bobobackmnan/dbwebb-kurser/mvc/me/report/tests/Dice/DiceTest.php" line="25" assertions="402" time="0.004250"/>
        <testcase name="testGetValue" class="App\Dice\DiceTest" classname="App.Dice.DiceTest" file="/Users/bobobackmnan/dbwebb-kurser/mvc/me/report/tests/Dice/DiceTest.php" line="40" assertions="2" time="0.000191"/>
        <testcase name="testGetValueAfterRollReturnsValue" class="App\Dice\DiceTest" classname="App.Dice.DiceTest" file="/Users/bobobackmnan/dbwebb-kurser/mvc/me/report/tests/Dice/DiceTest.php" line="49" assertions="5" time="0.000228"/>
      </testsuite>
    </testsuite>
  </testsuite>
</testsuites>
