<?xml version="1.0" encoding="UTF-8"?>
<testsuites>
  <testsuite name="" tests="120" assertions="681" errors="0" warnings="0" failures="0" skipped="0" time="0.583140">
    <testsuite name="Project Test Suite" tests="120" assertions="681" errors="0" warnings="0" failures="0" skipped="0" time="0.583140">
      <testsuite name="App\Tests\BlackJack\BlackJackGameManagerTest" file="/Users/bobobackmnan/dbwebb-kurser/mvc/me/report/tests/BlackJack/BlackJackGameManagerTest.php" tests="10" assertions="36" errors="0" warnings="0" failures="0" skipped="0" time="0.062128">
        <testcase name="testResetGame" class="App\Tests\BlackJack\BlackJackGameManagerTest" classname="App.Tests.BlackJack.BlackJackGameManagerTest" file="/Users/bobobackmnan/dbwebb-kurser/mvc/me/report/tests/BlackJack/BlackJackGameManagerTest.php" line="18" assertions="1" time="0.016172"/>
        <testcase name="testStartNewGameReturnsExpectedStructure" class="App\Tests\BlackJack\BlackJackGameManagerTest" classname="App.Tests.BlackJack.BlackJackGameManagerTest" file="/Users/bobobackmnan/dbwebb-kurser/mvc/me/report/tests/BlackJack/BlackJackGameManagerTest.php" line="37" assertions="5" time="0.025672"/>
        <testcase name="testAddCardToPlayerReturnsExpectedArray" class="App\Tests\BlackJack\BlackJackGameManagerTest" classname="App.Tests.BlackJack.BlackJackGameManagerTest" file="/Users/bobobackmnan/dbwebb-kurser/mvc/me/report/tests/BlackJack/BlackJackGameManagerTest.php" line="60" assertions="5" time="0.001783"/>
        <testcase name="testAddCardToSplitHandReturnsExpectedKeys" class="App\Tests\BlackJack\BlackJackGameManagerTest" classname="App.Tests.BlackJack.BlackJackGameManagerTest" file="/Users/bobobackmnan/dbwebb-kurser/mvc/me/report/tests/BlackJack/BlackJackGameManagerTest.php" line="85" assertions="8" time="0.002952"/>
        <testcase name="testHand1TriggersSwitchToHand2" class="App\Tests\BlackJack\BlackJackGameManagerTest" classname="App.Tests.BlackJack.BlackJackGameManagerTest" file="/Users/bobobackmnan/dbwebb-kurser/mvc/me/report/tests/BlackJack/BlackJackGameManagerTest.php" line="112" assertions="1" time="0.004072"/>
        <testcase name="testStandSplitReturnsNullWhenActiveHandIsHand1" class="App\Tests\BlackJack\BlackJackGameManagerTest" classname="App.Tests.BlackJack.BlackJackGameManagerTest" file="/Users/bobobackmnan/dbwebb-kurser/mvc/me/report/tests/BlackJack/BlackJackGameManagerTest.php" line="144" assertions="2" time="0.001335"/>
        <testcase name="testStandSplitReturnsResultWhenActiveHandIsHand2" class="App\Tests\BlackJack\BlackJackGameManagerTest" classname="App.Tests.BlackJack.BlackJackGameManagerTest" file="/Users/bobobackmnan/dbwebb-kurser/mvc/me/report/tests/BlackJack/BlackJackGameManagerTest.php" line="160" assertions="3" time="0.002203"/>
        <testcase name="testStandReturnsExpectedStructure" class="App\Tests\BlackJack\BlackJackGameManagerTest" classname="App.Tests.BlackJack.BlackJackGameManagerTest" file="/Users/bobobackmnan/dbwebb-kurser/mvc/me/report/tests/BlackJack/BlackJackGameManagerTest.php" line="190" assertions="5" time="0.001249"/>
        <testcase name="testHand2TriggersRedirect" class="App\Tests\BlackJack\BlackJackGameManagerTest" classname="App.Tests.BlackJack.BlackJackGameManagerTest" file="/Users/bobobackmnan/dbwebb-kurser/mvc/me/report/tests/BlackJack/BlackJackGameManagerTest.php" line="225" assertions="1" time="0.002281"/>
        <testcase name="testStartNewGameReturnsExpectedKeys" class="App\Tests\BlackJack\BlackJackGameManagerTest" classname="App.Tests.BlackJack.BlackJackGameManagerTest" file="/Users/bobobackmnan/dbwebb-kurser/mvc/me/report/tests/BlackJack/BlackJackGameManagerTest.php" line="255" assertions="5" time="0.004407"/>
      </testsuite>
      <testsuite name="BlackJackRenderTest" file="/Users/bobobackmnan/dbwebb-kurser/mvc/me/report/tests/BlackJack/BlackJackRenderTest.php" tests="4" assertions="8" errors="0" warnings="0" failures="0" skipped="0" time="0.034884">
        <testcase name="testSimpleRenderGameStart" class="BlackJackRenderTest" classname="BlackJackRenderTest" file="/Users/bobobackmnan/dbwebb-kurser/mvc/me/report/tests/BlackJack/BlackJackRenderTest.php" line="12" assertions="2" time="0.029888"/>
        <testcase name="testSimpleRenderWinner" class="BlackJackRenderTest" classname="BlackJackRenderTest" file="/Users/bobobackmnan/dbwebb-kurser/mvc/me/report/tests/BlackJack/BlackJackRenderTest.php" line="28" assertions="2" time="0.001529"/>
        <testcase name="testSimpleRenderGameSplit" class="BlackJackRenderTest" classname="BlackJackRenderTest" file="/Users/bobobackmnan/dbwebb-kurser/mvc/me/report/tests/BlackJack/BlackJackRenderTest.php" line="44" assertions="2" time="0.001686"/>
        <testcase name="testSimpleRenderWinnerSplit" class="BlackJackRenderTest" classname="BlackJackRenderTest" file="/Users/bobobackmnan/dbwebb-kurser/mvc/me/report/tests/BlackJack/BlackJackRenderTest.php" line="60" assertions="2" time="0.001782"/>
      </testsuite>
      <testsuite name="App\BlackJack\BlackJackRulesTest" file="/Users/bobobackmnan/dbwebb-kurser/mvc/me/report/tests/BlackJack/BlackJackRulesTest.php" tests="12" assertions="18" errors="0" warnings="0" failures="0" skipped="0" time="0.007555">
        <testcase name="testCountPointsHandlesNumberCards" class="App\BlackJack\BlackJackRulesTest" classname="App.BlackJack.BlackJackRulesTest" file="/Users/bobobackmnan/dbwebb-kurser/mvc/me/report/tests/BlackJack/BlackJackRulesTest.php" line="12" assertions="1" time="0.000616"/>
        <testcase name="testCountPointsHandlesFaceCards" class="App\BlackJack\BlackJackRulesTest" classname="App.BlackJack.BlackJackRulesTest" file="/Users/bobobackmnan/dbwebb-kurser/mvc/me/report/tests/BlackJack/BlackJackRulesTest.php" line="25" assertions="1" time="0.000512"/>
        <testcase name="testCountPointsHandlesAces" class="App\BlackJack\BlackJackRulesTest" classname="App.BlackJack.BlackJackRulesTest" file="/Users/bobobackmnan/dbwebb-kurser/mvc/me/report/tests/BlackJack/BlackJackRulesTest.php" line="38" assertions="1" time="0.000608"/>
        <testcase name="testGetIntFromSessionReturnsZeroWhenValueIsNotNumeric" class="App\BlackJack\BlackJackRulesTest" classname="App.BlackJack.BlackJackRulesTest" file="/Users/bobobackmnan/dbwebb-kurser/mvc/me/report/tests/BlackJack/BlackJackRulesTest.php" line="50" assertions="1" time="0.000783"/>
        <testcase name="testCountPointsReducesAceIfOver21" class="App\BlackJack\BlackJackRulesTest" classname="App.BlackJack.BlackJackRulesTest" file="/Users/bobobackmnan/dbwebb-kurser/mvc/me/report/tests/BlackJack/BlackJackRulesTest.php" line="65" assertions="1" time="0.000399"/>
        <testcase name="testCheckOverTrue" class="App\BlackJack\BlackJackRulesTest" classname="App.BlackJack.BlackJackRulesTest" file="/Users/bobobackmnan/dbwebb-kurser/mvc/me/report/tests/BlackJack/BlackJackRulesTest.php" line="78" assertions="2" time="0.000473"/>
        <testcase name="testCheckOverFalse" class="App\BlackJack\BlackJackRulesTest" classname="App.BlackJack.BlackJackRulesTest" file="/Users/bobobackmnan/dbwebb-kurser/mvc/me/report/tests/BlackJack/BlackJackRulesTest.php" line="85" assertions="1" time="0.001103"/>
        <testcase name="testDecideWinnerPlayerLoses" class="App\BlackJack\BlackJackRulesTest" classname="App.BlackJack.BlackJackRulesTest" file="/Users/bobobackmnan/dbwebb-kurser/mvc/me/report/tests/BlackJack/BlackJackRulesTest.php" line="91" assertions="2" time="0.000637"/>
        <testcase name="testDecideWinnerDealerLoses" class="App\BlackJack\BlackJackRulesTest" classname="App.BlackJack.BlackJackRulesTest" file="/Users/bobobackmnan/dbwebb-kurser/mvc/me/report/tests/BlackJack/BlackJackRulesTest.php" line="103" assertions="2" time="0.000612"/>
        <testcase name="testDecideWinnerPlayerBeatsDealer" class="App\BlackJack\BlackJackRulesTest" classname="App.BlackJack.BlackJackRulesTest" file="/Users/bobobackmnan/dbwebb-kurser/mvc/me/report/tests/BlackJack/BlackJackRulesTest.php" line="115" assertions="2" time="0.000325"/>
        <testcase name="testDecideWinnerDealerBeatsPlayer" class="App\BlackJack\BlackJackRulesTest" classname="App.BlackJack.BlackJackRulesTest" file="/Users/bobobackmnan/dbwebb-kurser/mvc/me/report/tests/BlackJack/BlackJackRulesTest.php" line="127" assertions="2" time="0.000906"/>
        <testcase name="testDecideWinnerDraw" class="App\BlackJack\BlackJackRulesTest" classname="App.BlackJack.BlackJackRulesTest" file="/Users/bobobackmnan/dbwebb-kurser/mvc/me/report/tests/BlackJack/BlackJackRulesTest.php" line="139" assertions="2" time="0.000580"/>
      </testsuite>
      <testsuite name="BlackJackSessionTest" file="/Users/bobobackmnan/dbwebb-kurser/mvc/me/report/tests/BlackJack/BlackJackSessionTest.php" tests="11" assertions="18" errors="0" warnings="0" failures="0" skipped="0" time="0.016399">
        <testcase name="testGetCoinsReturnsInt" class="BlackJackSessionTest" classname="BlackJackSessionTest" file="/Users/bobobackmnan/dbwebb-kurser/mvc/me/report/tests/BlackJack/BlackJackSessionTest.php" line="9" assertions="1" time="0.000896"/>
        <testcase name="testGetCoinsThrowsExceptionIfNotInt" class="BlackJackSessionTest" classname="BlackJackSessionTest" file="/Users/bobobackmnan/dbwebb-kurser/mvc/me/report/tests/BlackJack/BlackJackSessionTest.php" line="20" assertions="2" time="0.003143"/>
        <testcase name="testGetDealerCardsThrowsExceptionIfNotArray" class="BlackJackSessionTest" classname="BlackJackSessionTest" file="/Users/bobobackmnan/dbwebb-kurser/mvc/me/report/tests/BlackJack/BlackJackSessionTest.php" line="33" assertions="2" time="0.001520"/>
        <testcase name="testGetDeckThrowsExceptionIfNotArray" class="BlackJackSessionTest" classname="BlackJackSessionTest" file="/Users/bobobackmnan/dbwebb-kurser/mvc/me/report/tests/BlackJack/BlackJackSessionTest.php" line="48" assertions="2" time="0.003550"/>
        <testcase name="testGetHandThrowsExceptionIfNotArray" class="BlackJackSessionTest" classname="BlackJackSessionTest" file="/Users/bobobackmnan/dbwebb-kurser/mvc/me/report/tests/BlackJack/BlackJackSessionTest.php" line="63" assertions="2" time="0.002375"/>
        <testcase name="testSetCoins" class="BlackJackSessionTest" classname="BlackJackSessionTest" file="/Users/bobobackmnan/dbwebb-kurser/mvc/me/report/tests/BlackJack/BlackJackSessionTest.php" line="78" assertions="1" time="0.000878"/>
        <testcase name="testGetStringThrowsExceptionIfNotString" class="BlackJackSessionTest" classname="BlackJackSessionTest" file="/Users/bobobackmnan/dbwebb-kurser/mvc/me/report/tests/BlackJack/BlackJackSessionTest.php" line="89" assertions="2" time="0.000911"/>
        <testcase name="testGetPlayerCardsThrowsExceptionIfNotArray" class="BlackJackSessionTest" classname="BlackJackSessionTest" file="/Users/bobobackmnan/dbwebb-kurser/mvc/me/report/tests/BlackJack/BlackJackSessionTest.php" line="108" assertions="2" time="0.000837"/>
        <testcase name="testGetIntThrowsException" class="BlackJackSessionTest" classname="BlackJackSessionTest" file="/Users/bobobackmnan/dbwebb-kurser/mvc/me/report/tests/BlackJack/BlackJackSessionTest.php" line="121" assertions="2" time="0.000768"/>
        <testcase name="testGetReturnsExpectedValue" class="BlackJackSessionTest" classname="BlackJackSessionTest" file="/Users/bobobackmnan/dbwebb-kurser/mvc/me/report/tests/BlackJack/BlackJackSessionTest.php" line="137" assertions="1" time="0.001008"/>
        <testcase name="testGetReturnsDefault" class="BlackJackSessionTest" classname="BlackJackSessionTest" file="/Users/bobobackmnan/dbwebb-kurser/mvc/me/report/tests/BlackJack/BlackJackSessionTest.php" line="150" assertions="1" time="0.000512"/>
      </testsuite>
      <testsuite name="App\BlackJack\BlackJackTest" file="/Users/bobobackmnan/dbwebb-kurser/mvc/me/report/tests/BlackJack/BlackJackTest.php" tests="3" assertions="9" errors="0" warnings="0" failures="0" skipped="0" time="0.006107">
        <testcase name="testStartGameReturnsExpectedCardStructure" class="App\BlackJack\BlackJackTest" classname="App.BlackJack.BlackJackTest" file="/Users/bobobackmnan/dbwebb-kurser/mvc/me/report/tests/BlackJack/BlackJackTest.php" line="12" assertions="4" time="0.004918"/>
        <testcase name="testStartGameReturnsCardsWithExpectedKeys" class="App\BlackJack\BlackJackTest" classname="App.BlackJack.BlackJackTest" file="/Users/bobobackmnan/dbwebb-kurser/mvc/me/report/tests/BlackJack/BlackJackTest.php" line="25" assertions="4" time="0.000585"/>
        <testcase name="testStartGameReturns52Cards" class="App\BlackJack\BlackJackTest" classname="App.BlackJack.BlackJackTest" file="/Users/bobobackmnan/dbwebb-kurser/mvc/me/report/tests/BlackJack/BlackJackTest.php" line="38" assertions="1" time="0.000605"/>
      </testsuite>
      <testsuite name="App\Card\CardHandTest" file="/Users/bobobackmnan/dbwebb-kurser/mvc/me/report/tests/Card/CardHandTest.php" tests="2" assertions="5" errors="0" warnings="0" failures="0" skipped="0" time="0.002655">
        <testcase name="testAddCardToHandAndCount" class="App\Card\CardHandTest" classname="App.Card.CardHandTest" file="/Users/bobobackmnan/dbwebb-kurser/mvc/me/report/tests/Card/CardHandTest.php" line="12" assertions="4" time="0.002039"/>
        <testcase name="testGetValuesReturnsCardValues" class="App\Card\CardHandTest" classname="App.Card.CardHandTest" file="/Users/bobobackmnan/dbwebb-kurser/mvc/me/report/tests/Card/CardHandTest.php" line="27" assertions="1" time="0.000615"/>
      </testsuite>
      <testsuite name="App\Card\CardTest" file="/Users/bobobackmnan/dbwebb-kurser/mvc/me/report/tests/Card/CardTest.php" tests="3" assertions="3" errors="0" warnings="0" failures="0" skipped="0" time="0.001177">
        <testcase name="testGetValue" class="App\Card\CardTest" classname="App.Card.CardTest" file="/Users/bobobackmnan/dbwebb-kurser/mvc/me/report/tests/Card/CardTest.php" line="12" assertions="1" time="0.000254"/>
        <testcase name="testGetSuit" class="App\Card\CardTest" classname="App.Card.CardTest" file="/Users/bobobackmnan/dbwebb-kurser/mvc/me/report/tests/Card/CardTest.php" line="18" assertions="1" time="0.000426"/>
        <testcase name="testGetAsString" class="App\Card\CardTest" classname="App.Card.CardTest" file="/Users/bobobackmnan/dbwebb-kurser/mvc/me/report/tests/Card/CardTest.php" line="24" assertions="1" time="0.000496"/>
      </testsuite>
      <testsuite name="App\Card\DeckOfCardsTest" file="/Users/bobobackmnan/dbwebb-kurser/mvc/me/report/tests/Card/DeckOfCardsTest.php" tests="2" assertions="5" errors="0" warnings="0" failures="0" skipped="0" time="0.002552">
        <testcase name="testDrawReducesDeckSize" class="App\Card\DeckOfCardsTest" classname="App.Card.DeckOfCardsTest" file="/Users/bobobackmnan/dbwebb-kurser/mvc/me/report/tests/Card/DeckOfCardsTest.php" line="12" assertions="3" time="0.000749"/>
        <testcase name="testResetRestoresFullDeck" class="App\Card\DeckOfCardsTest" classname="App.Card.DeckOfCardsTest" file="/Users/bobobackmnan/dbwebb-kurser/mvc/me/report/tests/Card/DeckOfCardsTest.php" line="24" assertions="2" time="0.001803"/>
      </testsuite>
      <testsuite name="App\Controller\ApiControllerTest" file="/Users/bobobackmnan/dbwebb-kurser/mvc/me/report/tests/Controller/ApiControllerTest.php" tests="10" assertions="35" errors="0" warnings="0" failures="0" skipped="0" time="0.018770">
        <testcase name="testAssertArrayReturnsArray" class="App\Controller\ApiControllerTest" classname="App.Controller.ApiControllerTest" file="/Users/bobobackmnan/dbwebb-kurser/mvc/me/report/tests/Controller/ApiControllerTest.php" line="26" assertions="1" time="0.008553"/>
        <testcase name="testAssertArrayThrowsExceptionForNonArray" class="App\Controller\ApiControllerTest" classname="App.Controller.ApiControllerTest" file="/Users/bobobackmnan/dbwebb-kurser/mvc/me/report/tests/Controller/ApiControllerTest.php" line="34" assertions="2" time="0.000348"/>
        <testcase name="testApiDeckReturns52Cards" class="App\Controller\ApiControllerTest" classname="App.Controller.ApiControllerTest" file="/Users/bobobackmnan/dbwebb-kurser/mvc/me/report/tests/Controller/ApiControllerTest.php" line="42" assertions="4" time="0.001650"/>
        <testcase name="testApiShuffle" class="App\Controller\ApiControllerTest" classname="App.Controller.ApiControllerTest" file="/Users/bobobackmnan/dbwebb-kurser/mvc/me/report/tests/Controller/ApiControllerTest.php" line="56" assertions="6" time="0.000612"/>
        <testcase name="testDrawCardApi" class="App\Controller\ApiControllerTest" classname="App.Controller.ApiControllerTest" file="/Users/bobobackmnan/dbwebb-kurser/mvc/me/report/tests/Controller/ApiControllerTest.php" line="76" assertions="5" time="0.000575"/>
        <testcase name="testDrawMultipleCards" class="App\Controller\ApiControllerTest" classname="App.Controller.ApiControllerTest" file="/Users/bobobackmnan/dbwebb-kurser/mvc/me/report/tests/Controller/ApiControllerTest.php" line="104" assertions="3" time="0.000562"/>
        <testcase name="testDrawTooManyCardsThrowsException" class="App\Controller\ApiControllerTest" classname="App.Controller.ApiControllerTest" file="/Users/bobobackmnan/dbwebb-kurser/mvc/me/report/tests/Controller/ApiControllerTest.php" line="130" assertions="2" time="0.000305"/>
        <testcase name="testDealCardsToPlayers" class="App\Controller\ApiControllerTest" classname="App.Controller.ApiControllerTest" file="/Users/bobobackmnan/dbwebb-kurser/mvc/me/report/tests/Controller/ApiControllerTest.php" line="144" assertions="4" time="0.003830"/>
        <testcase name="testDealTooManyCardsThrowsException" class="App\Controller\ApiControllerTest" classname="App.Controller.ApiControllerTest" file="/Users/bobobackmnan/dbwebb-kurser/mvc/me/report/tests/Controller/ApiControllerTest.php" line="171" assertions="2" time="0.001161"/>
        <testcase name="testGameApiReturnsExpectedSessionData" class="App\Controller\ApiControllerTest" classname="App.Controller.ApiControllerTest" file="/Users/bobobackmnan/dbwebb-kurser/mvc/me/report/tests/Controller/ApiControllerTest.php" line="193" assertions="6" time="0.001175"/>
      </testsuite>
      <testsuite name="App\Controller\CardControllerTest" file="/Users/bobobackmnan/dbwebb-kurser/mvc/me/report/tests/Controller/CardControllerTest.php" tests="13" assertions="42" errors="0" warnings="0" failures="0" skipped="0" time="0.016102">
        <testcase name="testRenderHome" class="App\Controller\CardControllerTest" classname="App.Controller.CardControllerTest" file="/Users/bobobackmnan/dbwebb-kurser/mvc/me/report/tests/Controller/CardControllerTest.php" line="23" assertions="1" time="0.002622"/>
        <testcase name="testSessionGet" class="App\Controller\CardControllerTest" classname="App.Controller.CardControllerTest" file="/Users/bobobackmnan/dbwebb-kurser/mvc/me/report/tests/Controller/CardControllerTest.php" line="39" assertions="4" time="0.000596"/>
        <testcase name="testSessionDestroy" class="App\Controller\CardControllerTest" classname="App.Controller.CardControllerTest" file="/Users/bobobackmnan/dbwebb-kurser/mvc/me/report/tests/Controller/CardControllerTest.php" line="68" assertions="5" time="0.005634"/>
        <testcase name="testRenderDeck" class="App\Controller\CardControllerTest" classname="App.Controller.CardControllerTest" file="/Users/bobobackmnan/dbwebb-kurser/mvc/me/report/tests/Controller/CardControllerTest.php" line="105" assertions="1" time="0.000411"/>
        <testcase name="testShuffleDeck" class="App\Controller\CardControllerTest" classname="App.Controller.CardControllerTest" file="/Users/bobobackmnan/dbwebb-kurser/mvc/me/report/tests/Controller/CardControllerTest.php" line="122" assertions="7" time="0.001503"/>
        <testcase name="testDrawCard" class="App\Controller\CardControllerTest" classname="App.Controller.CardControllerTest" file="/Users/bobobackmnan/dbwebb-kurser/mvc/me/report/tests/Controller/CardControllerTest.php" line="155" assertions="5" time="0.000693"/>
        <testcase name="testDrawCardThrowsExceptionWhenDeckIsInvalid" class="App\Controller\CardControllerTest" classname="App.Controller.CardControllerTest" file="/Users/bobobackmnan/dbwebb-kurser/mvc/me/report/tests/Controller/CardControllerTest.php" line="191" assertions="2" time="0.000696"/>
        <testcase name="testDrawCardsThrowsLogicExceptionOnInvalidDeck" class="App\Controller\CardControllerTest" classname="App.Controller.CardControllerTest" file="/Users/bobobackmnan/dbwebb-kurser/mvc/me/report/tests/Controller/CardControllerTest.php" line="204" assertions="2" time="0.000654"/>
        <testcase name="testDrawCardsThrowsExceptionWhenNotEnoughCards" class="App\Controller\CardControllerTest" classname="App.Controller.CardControllerTest" file="/Users/bobobackmnan/dbwebb-kurser/mvc/me/report/tests/Controller/CardControllerTest.php" line="217" assertions="2" time="0.000709"/>
        <testcase name="testDrawCardsSuccessfullyDrawsCards" class="App\Controller\CardControllerTest" classname="App.Controller.CardControllerTest" file="/Users/bobobackmnan/dbwebb-kurser/mvc/me/report/tests/Controller/CardControllerTest.php" line="233" assertions="4" time="0.000710"/>
        <testcase name="testDrawCardsPlayersDistributesCards" class="App\Controller\CardControllerTest" classname="App.Controller.CardControllerTest" file="/Users/bobobackmnan/dbwebb-kurser/mvc/me/report/tests/Controller/CardControllerTest.php" line="269" assertions="5" time="0.000709"/>
        <testcase name="testDrawCardsPlayersThrowsIfNotEnoughCards" class="App\Controller\CardControllerTest" classname="App.Controller.CardControllerTest" file="/Users/bobobackmnan/dbwebb-kurser/mvc/me/report/tests/Controller/CardControllerTest.php" line="305" assertions="2" time="0.000577"/>
        <testcase name="testDrawCardsPlayersThrowsIfDeckNotArray" class="App\Controller\CardControllerTest" classname="App.Controller.CardControllerTest" file="/Users/bobobackmnan/dbwebb-kurser/mvc/me/report/tests/Controller/CardControllerTest.php" line="318" assertions="2" time="0.000587"/>
      </testsuite>
      <testsuite name="App\Dice\DiceGraphicTest" file="/Users/bobobackmnan/dbwebb-kurser/mvc/me/report/tests/Dice/DiceGraphicTest.php" tests="2" assertions="3" errors="0" warnings="0" failures="0" skipped="0" time="0.003766">
        <testcase name="testCanInstantiateGraphicDice" class="App\Dice\DiceGraphicTest" classname="App.Dice.DiceGraphicTest" file="/Users/bobobackmnan/dbwebb-kurser/mvc/me/report/tests/Dice/DiceGraphicTest.php" line="13" assertions="1" time="0.003379"/>
        <testcase name="testGetAsStringReturnsCorrectSymbol" class="App\Dice\DiceGraphicTest" classname="App.Dice.DiceGraphicTest" file="/Users/bobobackmnan/dbwebb-kurser/mvc/me/report/tests/Dice/DiceGraphicTest.php" line="19" assertions="2" time="0.000386"/>
      </testsuite>
      <testsuite name="App\Dice\DiceHandTest" file="/Users/bobobackmnan/dbwebb-kurser/mvc/me/report/tests/Dice/DiceHandTest.php" tests="4" assertions="16" errors="0" warnings="0" failures="0" skipped="0" time="0.008184">
        <testcase name="testAdd" class="App\Dice\DiceHandTest" classname="App.Dice.DiceHandTest" file="/Users/bobobackmnan/dbwebb-kurser/mvc/me/report/tests/Dice/DiceHandTest.php" line="11" assertions="2" time="0.001383"/>
        <testcase name="testRollDice" class="App\Dice\DiceHandTest" classname="App.Dice.DiceHandTest" file="/Users/bobobackmnan/dbwebb-kurser/mvc/me/report/tests/Dice/DiceHandTest.php" line="29" assertions="8" time="0.005391"/>
        <testcase name="testGetNumberDice" class="App\Dice\DiceHandTest" classname="App.Dice.DiceHandTest" file="/Users/bobobackmnan/dbwebb-kurser/mvc/me/report/tests/Dice/DiceHandTest.php" line="43" assertions="1" time="0.000480"/>
        <testcase name="testGetString" class="App\Dice\DiceHandTest" classname="App.Dice.DiceHandTest" file="/Users/bobobackmnan/dbwebb-kurser/mvc/me/report/tests/Dice/DiceHandTest.php" line="54" assertions="5" time="0.000931"/>
      </testsuite>
      <testsuite name="App\Dice\DiceTest" file="/Users/bobobackmnan/dbwebb-kurser/mvc/me/report/tests/Dice/DiceTest.php" tests="4" assertions="411" errors="0" warnings="0" failures="0" skipped="0" time="0.011571">
        <testcase name="testCreateDice" class="App\Dice\DiceTest" classname="App.Dice.DiceTest" file="/Users/bobobackmnan/dbwebb-kurser/mvc/me/report/tests/Dice/DiceTest.php" line="16" assertions="2" time="0.000363"/>
        <testcase name="testRollDice" class="App\Dice\DiceTest" classname="App.Dice.DiceTest" file="/Users/bobobackmnan/dbwebb-kurser/mvc/me/report/tests/Dice/DiceTest.php" line="25" assertions="402" time="0.009604"/>
        <testcase name="testGetValue" class="App\Dice\DiceTest" classname="App.Dice.DiceTest" file="/Users/bobobackmnan/dbwebb-kurser/mvc/me/report/tests/Dice/DiceTest.php" line="40" assertions="2" time="0.000552"/>
        <testcase name="testGetValueAfterRollReturnsValue" class="App\Dice\DiceTest" classname="App.Dice.DiceTest" file="/Users/bobobackmnan/dbwebb-kurser/mvc/me/report/tests/Dice/DiceTest.php" line="49" assertions="5" time="0.001052"/>
      </testsuite>
      <testsuite name="App\Tests\Project\AddCardDealerTest" file="/Users/bobobackmnan/dbwebb-kurser/mvc/me/report/tests/Project/AddCardDealerTest.php" tests="5" assertions="6" errors="0" warnings="0" failures="0" skipped="0" time="0.013173">
        <testcase name="testAddCardDealerWithNormalDeck" class="App\Tests\Project\AddCardDealerTest" classname="App.Tests.Project.AddCardDealerTest" file="/Users/bobobackmnan/dbwebb-kurser/mvc/me/report/tests/Project/AddCardDealerTest.php" line="12" assertions="1" time="0.008272"/>
        <testcase name="testAddCardDealerWithNullDeck" class="App\Tests\Project\AddCardDealerTest" classname="App.Tests.Project.AddCardDealerTest" file="/Users/bobobackmnan/dbwebb-kurser/mvc/me/report/tests/Project/AddCardDealerTest.php" line="35" assertions="1" time="0.000564"/>
        <testcase name="testAddCardDealerWithFalseDeck" class="App\Tests\Project\AddCardDealerTest" classname="App.Tests.Project.AddCardDealerTest" file="/Users/bobobackmnan/dbwebb-kurser/mvc/me/report/tests/Project/AddCardDealerTest.php" line="54" assertions="1" time="0.001086"/>
        <testcase name="testAddCardDealerWithIntegerDeck" class="App\Tests\Project\AddCardDealerTest" classname="App.Tests.Project.AddCardDealerTest" file="/Users/bobobackmnan/dbwebb-kurser/mvc/me/report/tests/Project/AddCardDealerTest.php" line="73" assertions="1" time="0.001041"/>
        <testcase name="testAddCardDealerCoversBreak" class="App\Tests\Project\AddCardDealerTest" classname="App.Tests.Project.AddCardDealerTest" file="/Users/bobobackmnan/dbwebb-kurser/mvc/me/report/tests/Project/AddCardDealerTest.php" line="92" assertions="2" time="0.002209"/>
      </testsuite>
      <testsuite name="App\Tests\Project\AddCardPlayerTest" file="/Users/bobobackmnan/dbwebb-kurser/mvc/me/report/tests/Project/AddCardPlayerTest.php" tests="7" assertions="11" errors="0" warnings="0" failures="0" skipped="0" time="0.037253">
        <testcase name="testAddCardWithValidCard" class="App\Tests\Project\AddCardPlayerTest" classname="App.Tests.Project.AddCardPlayerTest" file="/Users/bobobackmnan/dbwebb-kurser/mvc/me/report/tests/Project/AddCardPlayerTest.php" line="27" assertions="2" time="0.032813"/>
        <testcase name="testAddCardReturnsFalseIfCardNotArray" class="App\Tests\Project\AddCardPlayerTest" classname="App.Tests.Project.AddCardPlayerTest" file="/Users/bobobackmnan/dbwebb-kurser/mvc/me/report/tests/Project/AddCardPlayerTest.php" line="60" assertions="1" time="0.000937"/>
        <testcase name="testActivateNextFindsNextHand" class="App\Tests\Project\AddCardPlayerTest" classname="App.Tests.Project.AddCardPlayerTest" file="/Users/bobobackmnan/dbwebb-kurser/mvc/me/report/tests/Project/AddCardPlayerTest.php" line="85" assertions="2" time="0.001187"/>
        <testcase name="testActivateNextReturnsFalseIfNoWaitingHand" class="App\Tests\Project\AddCardPlayerTest" classname="App.Tests.Project.AddCardPlayerTest" file="/Users/bobobackmnan/dbwebb-kurser/mvc/me/report/tests/Project/AddCardPlayerTest.php" line="106" assertions="2" time="0.000599"/>
        <testcase name="testCheckAndHandleGameOver" class="App\Tests\Project\AddCardPlayerTest" classname="App.Tests.Project.AddCardPlayerTest" file="/Users/bobobackmnan/dbwebb-kurser/mvc/me/report/tests/Project/AddCardPlayerTest.php" line="127" assertions="2" time="0.000785"/>
        <testcase name="testAddCardReturnsFalseIfNoCardsKey" class="App\Tests\Project\AddCardPlayerTest" classname="App.Tests.Project.AddCardPlayerTest" file="/Users/bobobackmnan/dbwebb-kurser/mvc/me/report/tests/Project/AddCardPlayerTest.php" line="147" assertions="1" time="0.000474"/>
        <testcase name="testActivateNextSkipsIfNoHandsKey" class="App\Tests\Project\AddCardPlayerTest" classname="App.Tests.Project.AddCardPlayerTest" file="/Users/bobobackmnan/dbwebb-kurser/mvc/me/report/tests/Project/AddCardPlayerTest.php" line="168" assertions="1" time="0.000457"/>
      </testsuite>
      <testsuite name="App\Tests\Project\DataTest" file="/Users/bobobackmnan/dbwebb-kurser/mvc/me/report/tests/Project/DataTest.php" tests="6" assertions="9" errors="0" warnings="0" failures="0" skipped="0" time="0.004596">
        <testcase name="testSetAndGet" class="App\Tests\Project\DataTest" classname="App.Tests.Project.DataTest" file="/Users/bobobackmnan/dbwebb-kurser/mvc/me/report/tests/Project/DataTest.php" line="11" assertions="1" time="0.000405"/>
        <testcase name="testGetWithDefault" class="App\Tests\Project\DataTest" classname="App.Tests.Project.DataTest" file="/Users/bobobackmnan/dbwebb-kurser/mvc/me/report/tests/Project/DataTest.php" line="21" assertions="1" time="0.000895"/>
        <testcase name="testGetAll" class="App\Tests\Project\DataTest" classname="App.Tests.Project.DataTest" file="/Users/bobobackmnan/dbwebb-kurser/mvc/me/report/tests/Project/DataTest.php" line="30" assertions="2" time="0.000402"/>
        <testcase name="testSaveCallsSessionSet" class="App\Tests\Project\DataTest" classname="App.Tests.Project.DataTest" file="/Users/bobobackmnan/dbwebb-kurser/mvc/me/report/tests/Project/DataTest.php" line="44" assertions="1" time="0.000958"/>
        <testcase name="testLoadUsesSessionGet" class="App\Tests\Project\DataTest" classname="App.Tests.Project.DataTest" file="/Users/bobobackmnan/dbwebb-kurser/mvc/me/report/tests/Project/DataTest.php" line="56" assertions="2" time="0.001071"/>
        <testcase name="testResetClearsState" class="App\Tests\Project\DataTest" classname="App.Tests.Project.DataTest" file="/Users/bobobackmnan/dbwebb-kurser/mvc/me/report/tests/Project/DataTest.php" line="69" assertions="2" time="0.000865"/>
      </testsuite>
      <testsuite name="App\Tests\Project\DecideWinnerTest" file="/Users/bobobackmnan/dbwebb-kurser/mvc/me/report/tests/Project/DecideWinnerTest.php" tests="9" assertions="17" errors="0" warnings="0" failures="0" skipped="0" time="0.025042">
        <testcase name="testDecideWinnerHandlesGameStarted" class="App\Tests\Project\DecideWinnerTest" classname="App.Tests.Project.DecideWinnerTest" file="/Users/bobobackmnan/dbwebb-kurser/mvc/me/report/tests/Project/DecideWinnerTest.php" line="16" assertions="2" time="0.013520"/>
        <testcase name="testDecideWinnerLoopCoversPlayers" class="App\Tests\Project\DecideWinnerTest" classname="App.Tests.Project.DecideWinnerTest" file="/Users/bobobackmnan/dbwebb-kurser/mvc/me/report/tests/Project/DecideWinnerTest.php" line="45" assertions="2" time="0.001980"/>
        <testcase name="testGetUserCoinsReturnsScoreboardValue" class="App\Tests\Project\DecideWinnerTest" classname="App.Tests.Project.DecideWinnerTest" file="/Users/bobobackmnan/dbwebb-kurser/mvc/me/report/tests/Project/DecideWinnerTest.php" line="87" assertions="1" time="0.003465"/>
        <testcase name="testGetUserCoinsReturnsFallbackCoins" class="App\Tests\Project\DecideWinnerTest" classname="App.Tests.Project.DecideWinnerTest" file="/Users/bobobackmnan/dbwebb-kurser/mvc/me/report/tests/Project/DecideWinnerTest.php" line="109" assertions="1" time="0.001409"/>
        <testcase name="testEvaluateHandBlackjack" class="App\Tests\Project\DecideWinnerTest" classname="App.Tests.Project.DecideWinnerTest" file="/Users/bobobackmnan/dbwebb-kurser/mvc/me/report/tests/Project/DecideWinnerTest.php" line="136" assertions="2" time="0.001791"/>
        <testcase name="testEvaluateHandBust" class="App\Tests\Project\DecideWinnerTest" classname="App.Tests.Project.DecideWinnerTest" file="/Users/bobobackmnan/dbwebb-kurser/mvc/me/report/tests/Project/DecideWinnerTest.php" line="159" assertions="2" time="0.000375"/>
        <testcase name="testDealerWin" class="App\Tests\Project\DecideWinnerTest" classname="App.Tests.Project.DecideWinnerTest" file="/Users/bobobackmnan/dbwebb-kurser/mvc/me/report/tests/Project/DecideWinnerTest.php" line="183" assertions="2" time="0.000403"/>
        <testcase name="testDraw" class="App\Tests\Project\DecideWinnerTest" classname="App.Tests.Project.DecideWinnerTest" file="/Users/bobobackmnan/dbwebb-kurser/mvc/me/report/tests/Project/DecideWinnerTest.php" line="206" assertions="2" time="0.000386"/>
        <testcase name="testUpdateCoinsWithScoreboard" class="App\Tests\Project\DecideWinnerTest" classname="App.Tests.Project.DecideWinnerTest" file="/Users/bobobackmnan/dbwebb-kurser/mvc/me/report/tests/Project/DecideWinnerTest.php" line="229" assertions="3" time="0.001713"/>
      </testsuite>
      <testsuite name="App\Tests\Project\RulesTest" file="/Users/bobobackmnan/dbwebb-kurser/mvc/me/report/tests/Project/RulesTest.php" tests="1" assertions="1" errors="0" warnings="0" failures="0" skipped="0" time="0.000200">
        <testcase name="testCountPointsWithMultipleAces" class="App\Tests\Project\RulesTest" classname="App.Tests.Project.RulesTest" file="/Users/bobobackmnan/dbwebb-kurser/mvc/me/report/tests/Project/RulesTest.php" line="10" assertions="1" time="0.000200"/>
      </testsuite>
      <testsuite name="App\Tests\Project\SplitTest" file="/Users/bobobackmnan/dbwebb-kurser/mvc/me/report/tests/Project/SplitTest.php" tests="4" assertions="13" errors="0" warnings="0" failures="0" skipped="0" time="0.006347">
        <testcase name="testSplitHand" class="App\Tests\Project\SplitTest" classname="App.Tests.Project.SplitTest" file="/Users/bobobackmnan/dbwebb-kurser/mvc/me/report/tests/Project/SplitTest.php" line="11" assertions="2" time="0.003476"/>
        <testcase name="testSplitHandEarlyReturn" class="App\Tests\Project\SplitTest" classname="App.Tests.Project.SplitTest" file="/Users/bobobackmnan/dbwebb-kurser/mvc/me/report/tests/Project/SplitTest.php" line="54" assertions="2" time="0.000793"/>
        <testcase name="testSplitHandEarlyReturnForInsufficientCards" class="App\Tests\Project\SplitTest" classname="App.Tests.Project.SplitTest" file="/Users/bobobackmnan/dbwebb-kurser/mvc/me/report/tests/Project/SplitTest.php" line="75" assertions="2" time="0.001226"/>
        <testcase name="testGetCardReturnsDefaultForInvalidInput" class="App\Tests\Project\SplitTest" classname="App.Tests.Project.SplitTest" file="/Users/bobobackmnan/dbwebb-kurser/mvc/me/report/tests/Project/SplitTest.php" line="105" assertions="7" time="0.000852"/>
      </testsuite>
      <testsuite name="App\Tests\Project\StartBlackJackTest" file="/Users/bobobackmnan/dbwebb-kurser/mvc/me/report/tests/Project/StartBlackJackTest.php" tests="4" assertions="6" errors="0" warnings="0" failures="0" skipped="0" time="0.007087">
        <testcase name="testStartBlackjack" class="App\Tests\Project\StartBlackJackTest" classname="App.Tests.Project.StartBlackJackTest" file="/Users/bobobackmnan/dbwebb-kurser/mvc/me/report/tests/Project/StartBlackJackTest.php" line="18" assertions="2" time="0.004260"/>
        <testcase name="testInitializePlayerCoinsWithUserScoreboard" class="App\Tests\Project\StartBlackJackTest" classname="App.Tests.Project.StartBlackJackTest" file="/Users/bobobackmnan/dbwebb-kurser/mvc/me/report/tests/Project/StartBlackJackTest.php" line="36" assertions="1" time="0.000759"/>
        <testcase name="testInitializePlayerCoinsWithoutUser" class="App\Tests\Project\StartBlackJackTest" classname="App.Tests.Project.StartBlackJackTest" file="/Users/bobobackmnan/dbwebb-kurser/mvc/me/report/tests/Project/StartBlackJackTest.php" line="63" assertions="1" time="0.000434"/>
        <testcase name="testInitializePlayerCoinsCreatesScoreboardIfMissing" class="App\Tests\Project\StartBlackJackTest" classname="App.Tests.Project.StartBlackJackTest" file="/Users/bobobackmnan/dbwebb-kurser/mvc/me/report/tests/Project/StartBlackJackTest.php" line="81" assertions="2" time="0.001633"/>
      </testsuite>
      <testsuite name="App\Tests\Repository\ScoreboardRepositoryTest" file="/Users/bobobackmnan/dbwebb-kurser/mvc/me/report/tests/Scoreboard/ScoreboardRepositoryTest.php" tests="1" assertions="2" errors="0" warnings="0" failures="0" skipped="0" time="0.295010">
        <testcase name="testScoreboardCreation" class="App\Tests\Repository\ScoreboardRepositoryTest" classname="App.Tests.Repository.ScoreboardRepositoryTest" file="/Users/bobobackmnan/dbwebb-kurser/mvc/me/report/tests/Scoreboard/ScoreboardRepositoryTest.php" line="26" assertions="2" time="0.295010"/>
      </testsuite>
      <testsuite name="App\Tests\User\UserRegistrationTest" file="/Users/bobobackmnan/dbwebb-kurser/mvc/me/report/tests/User/UserRegistrationTest.php" tests="3" assertions="7" errors="0" warnings="0" failures="0" skipped="0" time="0.002581">
        <testcase name="testRegisterSuccess" class="App\Tests\User\UserRegistrationTest" classname="App.Tests.User.UserRegistrationTest" file="/Users/bobobackmnan/dbwebb-kurser/mvc/me/report/tests/User/UserRegistrationTest.php" line="15" assertions="3" time="0.001778"/>
        <testcase name="testRegisterPasswordsDoNotMatch" class="App\Tests\User\UserRegistrationTest" classname="App.Tests.User.UserRegistrationTest" file="/Users/bobobackmnan/dbwebb-kurser/mvc/me/report/tests/User/UserRegistrationTest.php" line="40" assertions="2" time="0.000317"/>
        <testcase name="testRegisterUsernameExists" class="App\Tests\User\UserRegistrationTest" classname="App.Tests.User.UserRegistrationTest" file="/Users/bobobackmnan/dbwebb-kurser/mvc/me/report/tests/User/UserRegistrationTest.php" line="58" assertions="2" time="0.000486"/>
      </testsuite>
    </testsuite>
  </testsuite>
</testsuites>
