<?xml version="1.0" encoding="UTF-8"?>
<testsuites>
  <testsuite name="" tests="120" assertions="681" errors="0" warnings="0" failures="0" skipped="0" time="0.342790">
    <testsuite name="Project Test Suite" tests="120" assertions="681" errors="0" warnings="0" failures="0" skipped="0" time="0.342790">
      <testsuite name="App\Tests\BlackJack\BlackJackGameManagerTest" file="/Users/bobobackmnan/dbwebb-kurser/mvc/me/report/tests/BlackJack/BlackJackGameManagerTest.php" tests="10" assertions="36" errors="0" warnings="0" failures="0" skipped="0" time="0.027386">
        <testcase name="testResetGame" class="App\Tests\BlackJack\BlackJackGameManagerTest" classname="App.Tests.BlackJack.BlackJackGameManagerTest" file="/Users/bobobackmnan/dbwebb-kurser/mvc/me/report/tests/BlackJack/BlackJackGameManagerTest.php" line="18" assertions="1" time="0.015170"/>
        <testcase name="testStartNewGameReturnsExpectedStructure" class="App\Tests\BlackJack\BlackJackGameManagerTest" classname="App.Tests.BlackJack.BlackJackGameManagerTest" file="/Users/bobobackmnan/dbwebb-kurser/mvc/me/report/tests/BlackJack/BlackJackGameManagerTest.php" line="37" assertions="5" time="0.005881"/>
        <testcase name="testAddCardToPlayerReturnsExpectedArray" class="App\Tests\BlackJack\BlackJackGameManagerTest" classname="App.Tests.BlackJack.BlackJackGameManagerTest" file="/Users/bobobackmnan/dbwebb-kurser/mvc/me/report/tests/BlackJack/BlackJackGameManagerTest.php" line="60" assertions="5" time="0.000940"/>
        <testcase name="testAddCardToSplitHandReturnsExpectedKeys" class="App\Tests\BlackJack\BlackJackGameManagerTest" classname="App.Tests.BlackJack.BlackJackGameManagerTest" file="/Users/bobobackmnan/dbwebb-kurser/mvc/me/report/tests/BlackJack/BlackJackGameManagerTest.php" line="85" assertions="8" time="0.000625"/>
        <testcase name="testHand1TriggersSwitchToHand2" class="App\Tests\BlackJack\BlackJackGameManagerTest" classname="App.Tests.BlackJack.BlackJackGameManagerTest" file="/Users/bobobackmnan/dbwebb-kurser/mvc/me/report/tests/BlackJack/BlackJackGameManagerTest.php" line="112" assertions="1" time="0.001520"/>
        <testcase name="testStandSplitReturnsNullWhenActiveHandIsHand1" class="App\Tests\BlackJack\BlackJackGameManagerTest" classname="App.Tests.BlackJack.BlackJackGameManagerTest" file="/Users/bobobackmnan/dbwebb-kurser/mvc/me/report/tests/BlackJack/BlackJackGameManagerTest.php" line="144" assertions="2" time="0.000476"/>
        <testcase name="testStandSplitReturnsResultWhenActiveHandIsHand2" class="App\Tests\BlackJack\BlackJackGameManagerTest" classname="App.Tests.BlackJack.BlackJackGameManagerTest" file="/Users/bobobackmnan/dbwebb-kurser/mvc/me/report/tests/BlackJack/BlackJackGameManagerTest.php" line="160" assertions="3" time="0.000594"/>
        <testcase name="testStandReturnsExpectedStructure" class="App\Tests\BlackJack\BlackJackGameManagerTest" classname="App.Tests.BlackJack.BlackJackGameManagerTest" file="/Users/bobobackmnan/dbwebb-kurser/mvc/me/report/tests/BlackJack/BlackJackGameManagerTest.php" line="190" assertions="5" time="0.000405"/>
        <testcase name="testHand2TriggersRedirect" class="App\Tests\BlackJack\BlackJackGameManagerTest" classname="App.Tests.BlackJack.BlackJackGameManagerTest" file="/Users/bobobackmnan/dbwebb-kurser/mvc/me/report/tests/BlackJack/BlackJackGameManagerTest.php" line="225" assertions="1" time="0.000866"/>
        <testcase name="testStartNewGameReturnsExpectedKeys" class="App\Tests\BlackJack\BlackJackGameManagerTest" classname="App.Tests.BlackJack.BlackJackGameManagerTest" file="/Users/bobobackmnan/dbwebb-kurser/mvc/me/report/tests/BlackJack/BlackJackGameManagerTest.php" line="255" assertions="5" time="0.000909"/>
      </testsuite>
      <testsuite name="BlackJackRenderTest" file="/Users/bobobackmnan/dbwebb-kurser/mvc/me/report/tests/BlackJack/BlackJackRenderTest.php" tests="4" assertions="8" errors="0" warnings="0" failures="0" skipped="0" time="0.011603">
        <testcase name="testSimpleRenderGameStart" class="BlackJackRenderTest" classname="BlackJackRenderTest" file="/Users/bobobackmnan/dbwebb-kurser/mvc/me/report/tests/BlackJack/BlackJackRenderTest.php" line="12" assertions="2" time="0.009951"/>
        <testcase name="testSimpleRenderWinner" class="BlackJackRenderTest" classname="BlackJackRenderTest" file="/Users/bobobackmnan/dbwebb-kurser/mvc/me/report/tests/BlackJack/BlackJackRenderTest.php" line="28" assertions="2" time="0.000589"/>
        <testcase name="testSimpleRenderGameSplit" class="BlackJackRenderTest" classname="BlackJackRenderTest" file="/Users/bobobackmnan/dbwebb-kurser/mvc/me/report/tests/BlackJack/BlackJackRenderTest.php" line="44" assertions="2" time="0.000566"/>
        <testcase name="testSimpleRenderWinnerSplit" class="BlackJackRenderTest" classname="BlackJackRenderTest" file="/Users/bobobackmnan/dbwebb-kurser/mvc/me/report/tests/BlackJack/BlackJackRenderTest.php" line="60" assertions="2" time="0.000498"/>
      </testsuite>
      <testsuite name="App\BlackJack\BlackJackRulesTest" file="/Users/bobobackmnan/dbwebb-kurser/mvc/me/report/tests/BlackJack/BlackJackRulesTest.php" tests="12" assertions="18" errors="0" warnings="0" failures="0" skipped="0" time="0.002265">
        <testcase name="testCountPointsHandlesNumberCards" class="App\BlackJack\BlackJackRulesTest" classname="App.BlackJack.BlackJackRulesTest" file="/Users/bobobackmnan/dbwebb-kurser/mvc/me/report/tests/BlackJack/BlackJackRulesTest.php" line="12" assertions="1" time="0.000162"/>
        <testcase name="testCountPointsHandlesFaceCards" class="App\BlackJack\BlackJackRulesTest" classname="App.BlackJack.BlackJackRulesTest" file="/Users/bobobackmnan/dbwebb-kurser/mvc/me/report/tests/BlackJack/BlackJackRulesTest.php" line="25" assertions="1" time="0.000168"/>
        <testcase name="testCountPointsHandlesAces" class="App\BlackJack\BlackJackRulesTest" classname="App.BlackJack.BlackJackRulesTest" file="/Users/bobobackmnan/dbwebb-kurser/mvc/me/report/tests/BlackJack/BlackJackRulesTest.php" line="38" assertions="1" time="0.000158"/>
        <testcase name="testGetIntFromSessionReturnsZeroWhenValueIsNotNumeric" class="App\BlackJack\BlackJackRulesTest" classname="App.BlackJack.BlackJackRulesTest" file="/Users/bobobackmnan/dbwebb-kurser/mvc/me/report/tests/BlackJack/BlackJackRulesTest.php" line="50" assertions="1" time="0.000201"/>
        <testcase name="testCountPointsReducesAceIfOver21" class="App\BlackJack\BlackJackRulesTest" classname="App.BlackJack.BlackJackRulesTest" file="/Users/bobobackmnan/dbwebb-kurser/mvc/me/report/tests/BlackJack/BlackJackRulesTest.php" line="65" assertions="1" time="0.000154"/>
        <testcase name="testCheckOverTrue" class="App\BlackJack\BlackJackRulesTest" classname="App.BlackJack.BlackJackRulesTest" file="/Users/bobobackmnan/dbwebb-kurser/mvc/me/report/tests/BlackJack/BlackJackRulesTest.php" line="78" assertions="2" time="0.000155"/>
        <testcase name="testCheckOverFalse" class="App\BlackJack\BlackJackRulesTest" classname="App.BlackJack.BlackJackRulesTest" file="/Users/bobobackmnan/dbwebb-kurser/mvc/me/report/tests/BlackJack/BlackJackRulesTest.php" line="85" assertions="1" time="0.000381"/>
        <testcase name="testDecideWinnerPlayerLoses" class="App\BlackJack\BlackJackRulesTest" classname="App.BlackJack.BlackJackRulesTest" file="/Users/bobobackmnan/dbwebb-kurser/mvc/me/report/tests/BlackJack/BlackJackRulesTest.php" line="91" assertions="2" time="0.000185"/>
        <testcase name="testDecideWinnerDealerLoses" class="App\BlackJack\BlackJackRulesTest" classname="App.BlackJack.BlackJackRulesTest" file="/Users/bobobackmnan/dbwebb-kurser/mvc/me/report/tests/BlackJack/BlackJackRulesTest.php" line="103" assertions="2" time="0.000181"/>
        <testcase name="testDecideWinnerPlayerBeatsDealer" class="App\BlackJack\BlackJackRulesTest" classname="App.BlackJack.BlackJackRulesTest" file="/Users/bobobackmnan/dbwebb-kurser/mvc/me/report/tests/BlackJack/BlackJackRulesTest.php" line="115" assertions="2" time="0.000191"/>
        <testcase name="testDecideWinnerDealerBeatsPlayer" class="App\BlackJack\BlackJackRulesTest" classname="App.BlackJack.BlackJackRulesTest" file="/Users/bobobackmnan/dbwebb-kurser/mvc/me/report/tests/BlackJack/BlackJackRulesTest.php" line="127" assertions="2" time="0.000168"/>
        <testcase name="testDecideWinnerDraw" class="App\BlackJack\BlackJackRulesTest" classname="App.BlackJack.BlackJackRulesTest" file="/Users/bobobackmnan/dbwebb-kurser/mvc/me/report/tests/BlackJack/BlackJackRulesTest.php" line="139" assertions="2" time="0.000160"/>
      </testsuite>
      <testsuite name="BlackJackSessionTest" file="/Users/bobobackmnan/dbwebb-kurser/mvc/me/report/tests/BlackJack/BlackJackSessionTest.php" tests="11" assertions="18" errors="0" warnings="0" failures="0" skipped="0" time="0.004048">
        <testcase name="testGetCoinsReturnsInt" class="BlackJackSessionTest" classname="BlackJackSessionTest" file="/Users/bobobackmnan/dbwebb-kurser/mvc/me/report/tests/BlackJack/BlackJackSessionTest.php" line="9" assertions="1" time="0.000291"/>
        <testcase name="testGetCoinsThrowsExceptionIfNotInt" class="BlackJackSessionTest" classname="BlackJackSessionTest" file="/Users/bobobackmnan/dbwebb-kurser/mvc/me/report/tests/BlackJack/BlackJackSessionTest.php" line="20" assertions="2" time="0.000964"/>
        <testcase name="testGetDealerCardsThrowsExceptionIfNotArray" class="BlackJackSessionTest" classname="BlackJackSessionTest" file="/Users/bobobackmnan/dbwebb-kurser/mvc/me/report/tests/BlackJack/BlackJackSessionTest.php" line="33" assertions="2" time="0.000304"/>
        <testcase name="testGetDeckThrowsExceptionIfNotArray" class="BlackJackSessionTest" classname="BlackJackSessionTest" file="/Users/bobobackmnan/dbwebb-kurser/mvc/me/report/tests/BlackJack/BlackJackSessionTest.php" line="48" assertions="2" time="0.000285"/>
        <testcase name="testGetHandThrowsExceptionIfNotArray" class="BlackJackSessionTest" classname="BlackJackSessionTest" file="/Users/bobobackmnan/dbwebb-kurser/mvc/me/report/tests/BlackJack/BlackJackSessionTest.php" line="63" assertions="2" time="0.000286"/>
        <testcase name="testSetCoins" class="BlackJackSessionTest" classname="BlackJackSessionTest" file="/Users/bobobackmnan/dbwebb-kurser/mvc/me/report/tests/BlackJack/BlackJackSessionTest.php" line="78" assertions="1" time="0.000250"/>
        <testcase name="testGetStringThrowsExceptionIfNotString" class="BlackJackSessionTest" classname="BlackJackSessionTest" file="/Users/bobobackmnan/dbwebb-kurser/mvc/me/report/tests/BlackJack/BlackJackSessionTest.php" line="89" assertions="2" time="0.000280"/>
        <testcase name="testGetPlayerCardsThrowsExceptionIfNotArray" class="BlackJackSessionTest" classname="BlackJackSessionTest" file="/Users/bobobackmnan/dbwebb-kurser/mvc/me/report/tests/BlackJack/BlackJackSessionTest.php" line="108" assertions="2" time="0.000327"/>
        <testcase name="testGetIntThrowsException" class="BlackJackSessionTest" classname="BlackJackSessionTest" file="/Users/bobobackmnan/dbwebb-kurser/mvc/me/report/tests/BlackJack/BlackJackSessionTest.php" line="121" assertions="2" time="0.000378"/>
        <testcase name="testGetReturnsExpectedValue" class="BlackJackSessionTest" classname="BlackJackSessionTest" file="/Users/bobobackmnan/dbwebb-kurser/mvc/me/report/tests/BlackJack/BlackJackSessionTest.php" line="137" assertions="1" time="0.000385"/>
        <testcase name="testGetReturnsDefault" class="BlackJackSessionTest" classname="BlackJackSessionTest" file="/Users/bobobackmnan/dbwebb-kurser/mvc/me/report/tests/BlackJack/BlackJackSessionTest.php" line="150" assertions="1" time="0.000298"/>
      </testsuite>
      <testsuite name="App\BlackJack\BlackJackTest" file="/Users/bobobackmnan/dbwebb-kurser/mvc/me/report/tests/BlackJack/BlackJackTest.php" tests="3" assertions="9" errors="0" warnings="0" failures="0" skipped="0" time="0.002057">
        <testcase name="testStartGameReturnsExpectedCardStructure" class="App\BlackJack\BlackJackTest" classname="App.BlackJack.BlackJackTest" file="/Users/bobobackmnan/dbwebb-kurser/mvc/me/report/tests/BlackJack/BlackJackTest.php" line="12" assertions="4" time="0.001250"/>
        <testcase name="testStartGameReturnsCardsWithExpectedKeys" class="App\BlackJack\BlackJackTest" classname="App.BlackJack.BlackJackTest" file="/Users/bobobackmnan/dbwebb-kurser/mvc/me/report/tests/BlackJack/BlackJackTest.php" line="25" assertions="4" time="0.000413"/>
        <testcase name="testStartGameReturns52Cards" class="App\BlackJack\BlackJackTest" classname="App.BlackJack.BlackJackTest" file="/Users/bobobackmnan/dbwebb-kurser/mvc/me/report/tests/BlackJack/BlackJackTest.php" line="38" assertions="1" time="0.000394"/>
      </testsuite>
      <testsuite name="App\Card\CardHandTest" file="/Users/bobobackmnan/dbwebb-kurser/mvc/me/report/tests/Card/CardHandTest.php" tests="2" assertions="5" errors="0" warnings="0" failures="0" skipped="0" time="0.000774">
        <testcase name="testAddCardToHandAndCount" class="App\Card\CardHandTest" classname="App.Card.CardHandTest" file="/Users/bobobackmnan/dbwebb-kurser/mvc/me/report/tests/Card/CardHandTest.php" line="12" assertions="4" time="0.000591"/>
        <testcase name="testGetValuesReturnsCardValues" class="App\Card\CardHandTest" classname="App.Card.CardHandTest" file="/Users/bobobackmnan/dbwebb-kurser/mvc/me/report/tests/Card/CardHandTest.php" line="27" assertions="1" time="0.000184"/>
      </testsuite>
      <testsuite name="App\Card\CardTest" file="/Users/bobobackmnan/dbwebb-kurser/mvc/me/report/tests/Card/CardTest.php" tests="3" assertions="3" errors="0" warnings="0" failures="0" skipped="0" time="0.000465">
        <testcase name="testGetValue" class="App\Card\CardTest" classname="App.Card.CardTest" file="/Users/bobobackmnan/dbwebb-kurser/mvc/me/report/tests/Card/CardTest.php" line="12" assertions="1" time="0.000158"/>
        <testcase name="testGetSuit" class="App\Card\CardTest" classname="App.Card.CardTest" file="/Users/bobobackmnan/dbwebb-kurser/mvc/me/report/tests/Card/CardTest.php" line="18" assertions="1" time="0.000154"/>
        <testcase name="testGetAsString" class="App\Card\CardTest" classname="App.Card.CardTest" file="/Users/bobobackmnan/dbwebb-kurser/mvc/me/report/tests/Card/CardTest.php" line="24" assertions="1" time="0.000153"/>
      </testsuite>
      <testsuite name="App\Card\DeckOfCardsTest" file="/Users/bobobackmnan/dbwebb-kurser/mvc/me/report/tests/Card/DeckOfCardsTest.php" tests="2" assertions="5" errors="0" warnings="0" failures="0" skipped="0" time="0.000792">
        <testcase name="testDrawReducesDeckSize" class="App\Card\DeckOfCardsTest" classname="App.Card.DeckOfCardsTest" file="/Users/bobobackmnan/dbwebb-kurser/mvc/me/report/tests/Card/DeckOfCardsTest.php" line="12" assertions="3" time="0.000258"/>
        <testcase name="testResetRestoresFullDeck" class="App\Card\DeckOfCardsTest" classname="App.Card.DeckOfCardsTest" file="/Users/bobobackmnan/dbwebb-kurser/mvc/me/report/tests/Card/DeckOfCardsTest.php" line="24" assertions="2" time="0.000534"/>
      </testsuite>
      <testsuite name="App\Controller\ApiControllerTest" file="/Users/bobobackmnan/dbwebb-kurser/mvc/me/report/tests/Controller/ApiControllerTest.php" tests="10" assertions="35" errors="0" warnings="0" failures="0" skipped="0" time="0.005997">
        <testcase name="testAssertArrayReturnsArray" class="App\Controller\ApiControllerTest" classname="App.Controller.ApiControllerTest" file="/Users/bobobackmnan/dbwebb-kurser/mvc/me/report/tests/Controller/ApiControllerTest.php" line="26" assertions="1" time="0.002066"/>
        <testcase name="testAssertArrayThrowsExceptionForNonArray" class="App\Controller\ApiControllerTest" classname="App.Controller.ApiControllerTest" file="/Users/bobobackmnan/dbwebb-kurser/mvc/me/report/tests/Controller/ApiControllerTest.php" line="34" assertions="2" time="0.000202"/>
        <testcase name="testApiDeckReturns52Cards" class="App\Controller\ApiControllerTest" classname="App.Controller.ApiControllerTest" file="/Users/bobobackmnan/dbwebb-kurser/mvc/me/report/tests/Controller/ApiControllerTest.php" line="42" assertions="4" time="0.000997"/>
        <testcase name="testApiShuffle" class="App\Controller\ApiControllerTest" classname="App.Controller.ApiControllerTest" file="/Users/bobobackmnan/dbwebb-kurser/mvc/me/report/tests/Controller/ApiControllerTest.php" line="56" assertions="6" time="0.000461"/>
        <testcase name="testDrawCardApi" class="App\Controller\ApiControllerTest" classname="App.Controller.ApiControllerTest" file="/Users/bobobackmnan/dbwebb-kurser/mvc/me/report/tests/Controller/ApiControllerTest.php" line="76" assertions="5" time="0.000545"/>
        <testcase name="testDrawMultipleCards" class="App\Controller\ApiControllerTest" classname="App.Controller.ApiControllerTest" file="/Users/bobobackmnan/dbwebb-kurser/mvc/me/report/tests/Controller/ApiControllerTest.php" line="104" assertions="3" time="0.000441"/>
        <testcase name="testDrawTooManyCardsThrowsException" class="App\Controller\ApiControllerTest" classname="App.Controller.ApiControllerTest" file="/Users/bobobackmnan/dbwebb-kurser/mvc/me/report/tests/Controller/ApiControllerTest.php" line="130" assertions="2" time="0.000209"/>
        <testcase name="testDealCardsToPlayers" class="App\Controller\ApiControllerTest" classname="App.Controller.ApiControllerTest" file="/Users/bobobackmnan/dbwebb-kurser/mvc/me/report/tests/Controller/ApiControllerTest.php" line="144" assertions="4" time="0.000434"/>
        <testcase name="testDealTooManyCardsThrowsException" class="App\Controller\ApiControllerTest" classname="App.Controller.ApiControllerTest" file="/Users/bobobackmnan/dbwebb-kurser/mvc/me/report/tests/Controller/ApiControllerTest.php" line="171" assertions="2" time="0.000398"/>
        <testcase name="testGameApiReturnsExpectedSessionData" class="App\Controller\ApiControllerTest" classname="App.Controller.ApiControllerTest" file="/Users/bobobackmnan/dbwebb-kurser/mvc/me/report/tests/Controller/ApiControllerTest.php" line="193" assertions="6" time="0.000243"/>
      </testsuite>
      <testsuite name="App\Controller\CardControllerTest" file="/Users/bobobackmnan/dbwebb-kurser/mvc/me/report/tests/Controller/CardControllerTest.php" tests="13" assertions="42" errors="0" warnings="0" failures="0" skipped="0" time="0.004684">
        <testcase name="testRenderHome" class="App\Controller\CardControllerTest" classname="App.Controller.CardControllerTest" file="/Users/bobobackmnan/dbwebb-kurser/mvc/me/report/tests/Controller/CardControllerTest.php" line="23" assertions="1" time="0.000666"/>
        <testcase name="testSessionGet" class="App\Controller\CardControllerTest" classname="App.Controller.CardControllerTest" file="/Users/bobobackmnan/dbwebb-kurser/mvc/me/report/tests/Controller/CardControllerTest.php" line="39" assertions="4" time="0.000231"/>
        <testcase name="testSessionDestroy" class="App\Controller\CardControllerTest" classname="App.Controller.CardControllerTest" file="/Users/bobobackmnan/dbwebb-kurser/mvc/me/report/tests/Controller/CardControllerTest.php" line="68" assertions="5" time="0.001249"/>
        <testcase name="testRenderDeck" class="App\Controller\CardControllerTest" classname="App.Controller.CardControllerTest" file="/Users/bobobackmnan/dbwebb-kurser/mvc/me/report/tests/Controller/CardControllerTest.php" line="105" assertions="1" time="0.000279"/>
        <testcase name="testShuffleDeck" class="App\Controller\CardControllerTest" classname="App.Controller.CardControllerTest" file="/Users/bobobackmnan/dbwebb-kurser/mvc/me/report/tests/Controller/CardControllerTest.php" line="122" assertions="7" time="0.000493"/>
        <testcase name="testDrawCard" class="App\Controller\CardControllerTest" classname="App.Controller.CardControllerTest" file="/Users/bobobackmnan/dbwebb-kurser/mvc/me/report/tests/Controller/CardControllerTest.php" line="155" assertions="5" time="0.000272"/>
        <testcase name="testDrawCardThrowsExceptionWhenDeckIsInvalid" class="App\Controller\CardControllerTest" classname="App.Controller.CardControllerTest" file="/Users/bobobackmnan/dbwebb-kurser/mvc/me/report/tests/Controller/CardControllerTest.php" line="191" assertions="2" time="0.000274"/>
        <testcase name="testDrawCardsThrowsLogicExceptionOnInvalidDeck" class="App\Controller\CardControllerTest" classname="App.Controller.CardControllerTest" file="/Users/bobobackmnan/dbwebb-kurser/mvc/me/report/tests/Controller/CardControllerTest.php" line="204" assertions="2" time="0.000197"/>
        <testcase name="testDrawCardsThrowsExceptionWhenNotEnoughCards" class="App\Controller\CardControllerTest" classname="App.Controller.CardControllerTest" file="/Users/bobobackmnan/dbwebb-kurser/mvc/me/report/tests/Controller/CardControllerTest.php" line="217" assertions="2" time="0.000193"/>
        <testcase name="testDrawCardsSuccessfullyDrawsCards" class="App\Controller\CardControllerTest" classname="App.Controller.CardControllerTest" file="/Users/bobobackmnan/dbwebb-kurser/mvc/me/report/tests/Controller/CardControllerTest.php" line="233" assertions="4" time="0.000221"/>
        <testcase name="testDrawCardsPlayersDistributesCards" class="App\Controller\CardControllerTest" classname="App.Controller.CardControllerTest" file="/Users/bobobackmnan/dbwebb-kurser/mvc/me/report/tests/Controller/CardControllerTest.php" line="269" assertions="5" time="0.000230"/>
        <testcase name="testDrawCardsPlayersThrowsIfNotEnoughCards" class="App\Controller\CardControllerTest" classname="App.Controller.CardControllerTest" file="/Users/bobobackmnan/dbwebb-kurser/mvc/me/report/tests/Controller/CardControllerTest.php" line="305" assertions="2" time="0.000191"/>
        <testcase name="testDrawCardsPlayersThrowsIfDeckNotArray" class="App\Controller\CardControllerTest" classname="App.Controller.CardControllerTest" file="/Users/bobobackmnan/dbwebb-kurser/mvc/me/report/tests/Controller/CardControllerTest.php" line="318" assertions="2" time="0.000188"/>
      </testsuite>
      <testsuite name="App\Dice\DiceGraphicTest" file="/Users/bobobackmnan/dbwebb-kurser/mvc/me/report/tests/Dice/DiceGraphicTest.php" tests="2" assertions="3" errors="0" warnings="0" failures="0" skipped="0" time="0.001032">
        <testcase name="testCanInstantiateGraphicDice" class="App\Dice\DiceGraphicTest" classname="App.Dice.DiceGraphicTest" file="/Users/bobobackmnan/dbwebb-kurser/mvc/me/report/tests/Dice/DiceGraphicTest.php" line="13" assertions="1" time="0.000855"/>
        <testcase name="testGetAsStringReturnsCorrectSymbol" class="App\Dice\DiceGraphicTest" classname="App.Dice.DiceGraphicTest" file="/Users/bobobackmnan/dbwebb-kurser/mvc/me/report/tests/Dice/DiceGraphicTest.php" line="19" assertions="2" time="0.000176"/>
      </testsuite>
      <testsuite name="App\Dice\DiceHandTest" file="/Users/bobobackmnan/dbwebb-kurser/mvc/me/report/tests/Dice/DiceHandTest.php" tests="4" assertions="16" errors="0" warnings="0" failures="0" skipped="0" time="0.002206">
        <testcase name="testAdd" class="App\Dice\DiceHandTest" classname="App.Dice.DiceHandTest" file="/Users/bobobackmnan/dbwebb-kurser/mvc/me/report/tests/Dice/DiceHandTest.php" line="11" assertions="2" time="0.000585"/>
        <testcase name="testRollDice" class="App\Dice\DiceHandTest" classname="App.Dice.DiceHandTest" file="/Users/bobobackmnan/dbwebb-kurser/mvc/me/report/tests/Dice/DiceHandTest.php" line="29" assertions="8" time="0.001253"/>
        <testcase name="testGetNumberDice" class="App\Dice\DiceHandTest" classname="App.Dice.DiceHandTest" file="/Users/bobobackmnan/dbwebb-kurser/mvc/me/report/tests/Dice/DiceHandTest.php" line="43" assertions="1" time="0.000167"/>
        <testcase name="testGetString" class="App\Dice\DiceHandTest" classname="App.Dice.DiceHandTest" file="/Users/bobobackmnan/dbwebb-kurser/mvc/me/report/tests/Dice/DiceHandTest.php" line="54" assertions="5" time="0.000201"/>
      </testsuite>
      <testsuite name="App\Dice\DiceTest" file="/Users/bobobackmnan/dbwebb-kurser/mvc/me/report/tests/Dice/DiceTest.php" tests="4" assertions="411" errors="0" warnings="0" failures="0" skipped="0" time="0.005025">
        <testcase name="testCreateDice" class="App\Dice\DiceTest" classname="App.Dice.DiceTest" file="/Users/bobobackmnan/dbwebb-kurser/mvc/me/report/tests/Dice/DiceTest.php" line="16" assertions="2" time="0.000175"/>
        <testcase name="testRollDice" class="App\Dice\DiceTest" classname="App.Dice.DiceTest" file="/Users/bobobackmnan/dbwebb-kurser/mvc/me/report/tests/Dice/DiceTest.php" line="25" assertions="402" time="0.004461"/>
        <testcase name="testGetValue" class="App\Dice\DiceTest" classname="App.Dice.DiceTest" file="/Users/bobobackmnan/dbwebb-kurser/mvc/me/report/tests/Dice/DiceTest.php" line="40" assertions="2" time="0.000176"/>
        <testcase name="testGetValueAfterRollReturnsValue" class="App\Dice\DiceTest" classname="App.Dice.DiceTest" file="/Users/bobobackmnan/dbwebb-kurser/mvc/me/report/tests/Dice/DiceTest.php" line="49" assertions="5" time="0.000213"/>
      </testsuite>
      <testsuite name="App\Tests\Project\AddCardDealerTest" file="/Users/bobobackmnan/dbwebb-kurser/mvc/me/report/tests/Project/AddCardDealerTest.php" tests="5" assertions="6" errors="0" warnings="0" failures="0" skipped="0" time="0.003993">
        <testcase name="testAddCardDealerWithNormalDeck" class="App\Tests\Project\AddCardDealerTest" classname="App.Tests.Project.AddCardDealerTest" file="/Users/bobobackmnan/dbwebb-kurser/mvc/me/report/tests/Project/AddCardDealerTest.php" line="12" assertions="1" time="0.002013"/>
        <testcase name="testAddCardDealerWithNullDeck" class="App\Tests\Project\AddCardDealerTest" classname="App.Tests.Project.AddCardDealerTest" file="/Users/bobobackmnan/dbwebb-kurser/mvc/me/report/tests/Project/AddCardDealerTest.php" line="35" assertions="1" time="0.000420"/>
        <testcase name="testAddCardDealerWithFalseDeck" class="App\Tests\Project\AddCardDealerTest" classname="App.Tests.Project.AddCardDealerTest" file="/Users/bobobackmnan/dbwebb-kurser/mvc/me/report/tests/Project/AddCardDealerTest.php" line="54" assertions="1" time="0.000373"/>
        <testcase name="testAddCardDealerWithIntegerDeck" class="App\Tests\Project\AddCardDealerTest" classname="App.Tests.Project.AddCardDealerTest" file="/Users/bobobackmnan/dbwebb-kurser/mvc/me/report/tests/Project/AddCardDealerTest.php" line="73" assertions="1" time="0.000371"/>
        <testcase name="testAddCardDealerCoversBreak" class="App\Tests\Project\AddCardDealerTest" classname="App.Tests.Project.AddCardDealerTest" file="/Users/bobobackmnan/dbwebb-kurser/mvc/me/report/tests/Project/AddCardDealerTest.php" line="92" assertions="2" time="0.000816"/>
      </testsuite>
      <testsuite name="App\Tests\Project\AddCardPlayerTest" file="/Users/bobobackmnan/dbwebb-kurser/mvc/me/report/tests/Project/AddCardPlayerTest.php" tests="7" assertions="11" errors="0" warnings="0" failures="0" skipped="0" time="0.015885">
        <testcase name="testAddCardWithValidCard" class="App\Tests\Project\AddCardPlayerTest" classname="App.Tests.Project.AddCardPlayerTest" file="/Users/bobobackmnan/dbwebb-kurser/mvc/me/report/tests/Project/AddCardPlayerTest.php" line="27" assertions="2" time="0.013659"/>
        <testcase name="testAddCardReturnsFalseIfCardNotArray" class="App\Tests\Project\AddCardPlayerTest" classname="App.Tests.Project.AddCardPlayerTest" file="/Users/bobobackmnan/dbwebb-kurser/mvc/me/report/tests/Project/AddCardPlayerTest.php" line="60" assertions="1" time="0.000376"/>
        <testcase name="testActivateNextFindsNextHand" class="App\Tests\Project\AddCardPlayerTest" classname="App.Tests.Project.AddCardPlayerTest" file="/Users/bobobackmnan/dbwebb-kurser/mvc/me/report/tests/Project/AddCardPlayerTest.php" line="85" assertions="2" time="0.000419"/>
        <testcase name="testActivateNextReturnsFalseIfNoWaitingHand" class="App\Tests\Project\AddCardPlayerTest" classname="App.Tests.Project.AddCardPlayerTest" file="/Users/bobobackmnan/dbwebb-kurser/mvc/me/report/tests/Project/AddCardPlayerTest.php" line="106" assertions="2" time="0.000391"/>
        <testcase name="testCheckAndHandleGameOver" class="App\Tests\Project\AddCardPlayerTest" classname="App.Tests.Project.AddCardPlayerTest" file="/Users/bobobackmnan/dbwebb-kurser/mvc/me/report/tests/Project/AddCardPlayerTest.php" line="127" assertions="2" time="0.000392"/>
        <testcase name="testAddCardReturnsFalseIfNoCardsKey" class="App\Tests\Project\AddCardPlayerTest" classname="App.Tests.Project.AddCardPlayerTest" file="/Users/bobobackmnan/dbwebb-kurser/mvc/me/report/tests/Project/AddCardPlayerTest.php" line="147" assertions="1" time="0.000330"/>
        <testcase name="testActivateNextSkipsIfNoHandsKey" class="App\Tests\Project\AddCardPlayerTest" classname="App.Tests.Project.AddCardPlayerTest" file="/Users/bobobackmnan/dbwebb-kurser/mvc/me/report/tests/Project/AddCardPlayerTest.php" line="168" assertions="1" time="0.000318"/>
      </testsuite>
      <testsuite name="App\Tests\Project\DataTest" file="/Users/bobobackmnan/dbwebb-kurser/mvc/me/report/tests/Project/DataTest.php" tests="6" assertions="9" errors="0" warnings="0" failures="0" skipped="0" time="0.001679">
        <testcase name="testSetAndGet" class="App\Tests\Project\DataTest" classname="App.Tests.Project.DataTest" file="/Users/bobobackmnan/dbwebb-kurser/mvc/me/report/tests/Project/DataTest.php" line="11" assertions="1" time="0.000289"/>
        <testcase name="testGetWithDefault" class="App\Tests\Project\DataTest" classname="App.Tests.Project.DataTest" file="/Users/bobobackmnan/dbwebb-kurser/mvc/me/report/tests/Project/DataTest.php" line="21" assertions="1" time="0.000294"/>
        <testcase name="testGetAll" class="App\Tests\Project\DataTest" classname="App.Tests.Project.DataTest" file="/Users/bobobackmnan/dbwebb-kurser/mvc/me/report/tests/Project/DataTest.php" line="30" assertions="2" time="0.000267"/>
        <testcase name="testSaveCallsSessionSet" class="App\Tests\Project\DataTest" classname="App.Tests.Project.DataTest" file="/Users/bobobackmnan/dbwebb-kurser/mvc/me/report/tests/Project/DataTest.php" line="44" assertions="1" time="0.000269"/>
        <testcase name="testLoadUsesSessionGet" class="App\Tests\Project\DataTest" classname="App.Tests.Project.DataTest" file="/Users/bobobackmnan/dbwebb-kurser/mvc/me/report/tests/Project/DataTest.php" line="56" assertions="2" time="0.000302"/>
        <testcase name="testResetClearsState" class="App\Tests\Project\DataTest" classname="App.Tests.Project.DataTest" file="/Users/bobobackmnan/dbwebb-kurser/mvc/me/report/tests/Project/DataTest.php" line="69" assertions="2" time="0.000257"/>
      </testsuite>
      <testsuite name="App\Tests\Project\DecideWinnerTest" file="/Users/bobobackmnan/dbwebb-kurser/mvc/me/report/tests/Project/DecideWinnerTest.php" tests="9" assertions="17" errors="0" warnings="0" failures="0" skipped="0" time="0.010421">
        <testcase name="testDecideWinnerHandlesGameStarted" class="App\Tests\Project\DecideWinnerTest" classname="App.Tests.Project.DecideWinnerTest" file="/Users/bobobackmnan/dbwebb-kurser/mvc/me/report/tests/Project/DecideWinnerTest.php" line="16" assertions="2" time="0.005487"/>
        <testcase name="testDecideWinnerLoopCoversPlayers" class="App\Tests\Project\DecideWinnerTest" classname="App.Tests.Project.DecideWinnerTest" file="/Users/bobobackmnan/dbwebb-kurser/mvc/me/report/tests/Project/DecideWinnerTest.php" line="45" assertions="2" time="0.000539"/>
        <testcase name="testGetUserCoinsReturnsScoreboardValue" class="App\Tests\Project\DecideWinnerTest" classname="App.Tests.Project.DecideWinnerTest" file="/Users/bobobackmnan/dbwebb-kurser/mvc/me/report/tests/Project/DecideWinnerTest.php" line="87" assertions="1" time="0.001733"/>
        <testcase name="testGetUserCoinsReturnsFallbackCoins" class="App\Tests\Project\DecideWinnerTest" classname="App.Tests.Project.DecideWinnerTest" file="/Users/bobobackmnan/dbwebb-kurser/mvc/me/report/tests/Project/DecideWinnerTest.php" line="109" assertions="1" time="0.000508"/>
        <testcase name="testEvaluateHandBlackjack" class="App\Tests\Project\DecideWinnerTest" classname="App.Tests.Project.DecideWinnerTest" file="/Users/bobobackmnan/dbwebb-kurser/mvc/me/report/tests/Project/DecideWinnerTest.php" line="136" assertions="2" time="0.000574"/>
        <testcase name="testEvaluateHandBust" class="App\Tests\Project\DecideWinnerTest" classname="App.Tests.Project.DecideWinnerTest" file="/Users/bobobackmnan/dbwebb-kurser/mvc/me/report/tests/Project/DecideWinnerTest.php" line="159" assertions="2" time="0.000255"/>
        <testcase name="testDealerWin" class="App\Tests\Project\DecideWinnerTest" classname="App.Tests.Project.DecideWinnerTest" file="/Users/bobobackmnan/dbwebb-kurser/mvc/me/report/tests/Project/DecideWinnerTest.php" line="183" assertions="2" time="0.000268"/>
        <testcase name="testDraw" class="App\Tests\Project\DecideWinnerTest" classname="App.Tests.Project.DecideWinnerTest" file="/Users/bobobackmnan/dbwebb-kurser/mvc/me/report/tests/Project/DecideWinnerTest.php" line="206" assertions="2" time="0.000269"/>
        <testcase name="testUpdateCoinsWithScoreboard" class="App\Tests\Project\DecideWinnerTest" classname="App.Tests.Project.DecideWinnerTest" file="/Users/bobobackmnan/dbwebb-kurser/mvc/me/report/tests/Project/DecideWinnerTest.php" line="229" assertions="3" time="0.000790"/>
      </testsuite>
      <testsuite name="App\Tests\Project\RulesTest" file="/Users/bobobackmnan/dbwebb-kurser/mvc/me/report/tests/Project/RulesTest.php" tests="1" assertions="1" errors="0" warnings="0" failures="0" skipped="0" time="0.000186">
        <testcase name="testCountPointsWithMultipleAces" class="App\Tests\Project\RulesTest" classname="App.Tests.Project.RulesTest" file="/Users/bobobackmnan/dbwebb-kurser/mvc/me/report/tests/Project/RulesTest.php" line="10" assertions="1" time="0.000186"/>
      </testsuite>
      <testsuite name="App\Tests\Project\SplitTest" file="/Users/bobobackmnan/dbwebb-kurser/mvc/me/report/tests/Project/SplitTest.php" tests="4" assertions="13" errors="0" warnings="0" failures="0" skipped="0" time="0.001729">
        <testcase name="testSplitHand" class="App\Tests\Project\SplitTest" classname="App.Tests.Project.SplitTest" file="/Users/bobobackmnan/dbwebb-kurser/mvc/me/report/tests/Project/SplitTest.php" line="11" assertions="2" time="0.000936"/>
        <testcase name="testSplitHandEarlyReturn" class="App\Tests\Project\SplitTest" classname="App.Tests.Project.SplitTest" file="/Users/bobobackmnan/dbwebb-kurser/mvc/me/report/tests/Project/SplitTest.php" line="54" assertions="2" time="0.000301"/>
        <testcase name="testSplitHandEarlyReturnForInsufficientCards" class="App\Tests\Project\SplitTest" classname="App.Tests.Project.SplitTest" file="/Users/bobobackmnan/dbwebb-kurser/mvc/me/report/tests/Project/SplitTest.php" line="75" assertions="2" time="0.000291"/>
        <testcase name="testGetCardReturnsDefaultForInvalidInput" class="App\Tests\Project\SplitTest" classname="App.Tests.Project.SplitTest" file="/Users/bobobackmnan/dbwebb-kurser/mvc/me/report/tests/Project/SplitTest.php" line="105" assertions="7" time="0.000201"/>
      </testsuite>
      <testsuite name="App\Tests\Project\StartBlackJackTest" file="/Users/bobobackmnan/dbwebb-kurser/mvc/me/report/tests/Project/StartBlackJackTest.php" tests="4" assertions="6" errors="0" warnings="0" failures="0" skipped="0" time="0.002924">
        <testcase name="testStartBlackjack" class="App\Tests\Project\StartBlackJackTest" classname="App.Tests.Project.StartBlackJackTest" file="/Users/bobobackmnan/dbwebb-kurser/mvc/me/report/tests/Project/StartBlackJackTest.php" line="18" assertions="2" time="0.001475"/>
        <testcase name="testInitializePlayerCoinsWithUserScoreboard" class="App\Tests\Project\StartBlackJackTest" classname="App.Tests.Project.StartBlackJackTest" file="/Users/bobobackmnan/dbwebb-kurser/mvc/me/report/tests/Project/StartBlackJackTest.php" line="36" assertions="1" time="0.000534"/>
        <testcase name="testInitializePlayerCoinsWithoutUser" class="App\Tests\Project\StartBlackJackTest" classname="App.Tests.Project.StartBlackJackTest" file="/Users/bobobackmnan/dbwebb-kurser/mvc/me/report/tests/Project/StartBlackJackTest.php" line="63" assertions="1" time="0.000334"/>
        <testcase name="testInitializePlayerCoinsCreatesScoreboardIfMissing" class="App\Tests\Project\StartBlackJackTest" classname="App.Tests.Project.StartBlackJackTest" file="/Users/bobobackmnan/dbwebb-kurser/mvc/me/report/tests/Project/StartBlackJackTest.php" line="81" assertions="2" time="0.000581"/>
      </testsuite>
      <testsuite name="App\Tests\Repository\ScoreboardRepositoryTest" file="/Users/bobobackmnan/dbwebb-kurser/mvc/me/report/tests/Scoreboard/ScoreboardRepositoryTest.php" tests="1" assertions="2" errors="0" warnings="0" failures="0" skipped="0" time="0.234923">
        <testcase name="testScoreboardCreation" class="App\Tests\Repository\ScoreboardRepositoryTest" classname="App.Tests.Repository.ScoreboardRepositoryTest" file="/Users/bobobackmnan/dbwebb-kurser/mvc/me/report/tests/Scoreboard/ScoreboardRepositoryTest.php" line="26" assertions="2" time="0.234923"/>
      </testsuite>
      <testsuite name="App\Tests\User\UserRegistrationTest" file="/Users/bobobackmnan/dbwebb-kurser/mvc/me/report/tests/User/UserRegistrationTest.php" tests="3" assertions="7" errors="0" warnings="0" failures="0" skipped="0" time="0.002717">
        <testcase name="testRegisterSuccess" class="App\Tests\User\UserRegistrationTest" classname="App.Tests.User.UserRegistrationTest" file="/Users/bobobackmnan/dbwebb-kurser/mvc/me/report/tests/User/UserRegistrationTest.php" line="15" assertions="3" time="0.001754"/>
        <testcase name="testRegisterPasswordsDoNotMatch" class="App\Tests\User\UserRegistrationTest" classname="App.Tests.User.UserRegistrationTest" file="/Users/bobobackmnan/dbwebb-kurser/mvc/me/report/tests/User/UserRegistrationTest.php" line="40" assertions="2" time="0.000329"/>
        <testcase name="testRegisterUsernameExists" class="App\Tests\User\UserRegistrationTest" classname="App.Tests.User.UserRegistrationTest" file="/Users/bobobackmnan/dbwebb-kurser/mvc/me/report/tests/User/UserRegistrationTest.php" line="58" assertions="2" time="0.000634"/>
      </testsuite>
    </testsuite>
  </testsuite>
</testsuites>
