<?xml version="1.0" encoding="UTF-8"?>
<testsuites>
  <testsuite name="" tests="81" assertions="611" errors="0" warnings="0" failures="0" skipped="0" time="1.584052">
    <testsuite name="Project Test Suite" tests="81" assertions="611" errors="0" warnings="0" failures="0" skipped="0" time="1.584052">
      <testsuite name="App\Tests\BlackJack\BlackJackGameManagerTest" file="/Users/bobobackmnan/dbwebb-kurser/mvc/me/report/tests/BlackJack/BlackJackGameManagerTest.php" tests="10" assertions="36" errors="0" warnings="0" failures="0" skipped="0" time="0.029241">
        <testcase name="testResetGame" class="App\Tests\BlackJack\BlackJackGameManagerTest" classname="App.Tests.BlackJack.BlackJackGameManagerTest" file="/Users/bobobackmnan/dbwebb-kurser/mvc/me/report/tests/BlackJack/BlackJackGameManagerTest.php" line="18" assertions="1" time="0.016191"/>
        <testcase name="testStartNewGameReturnsExpectedStructure" class="App\Tests\BlackJack\BlackJackGameManagerTest" classname="App.Tests.BlackJack.BlackJackGameManagerTest" file="/Users/bobobackmnan/dbwebb-kurser/mvc/me/report/tests/BlackJack/BlackJackGameManagerTest.php" line="37" assertions="5" time="0.006487"/>
        <testcase name="testAddCardToPlayerReturnsExpectedArray" class="App\Tests\BlackJack\BlackJackGameManagerTest" classname="App.Tests.BlackJack.BlackJackGameManagerTest" file="/Users/bobobackmnan/dbwebb-kurser/mvc/me/report/tests/BlackJack/BlackJackGameManagerTest.php" line="60" assertions="5" time="0.000914"/>
        <testcase name="testAddCardToSplitHandReturnsExpectedKeys" class="App\Tests\BlackJack\BlackJackGameManagerTest" classname="App.Tests.BlackJack.BlackJackGameManagerTest" file="/Users/bobobackmnan/dbwebb-kurser/mvc/me/report/tests/BlackJack/BlackJackGameManagerTest.php" line="85" assertions="8" time="0.000639"/>
        <testcase name="testHand1TriggersSwitchToHand2" class="App\Tests\BlackJack\BlackJackGameManagerTest" classname="App.Tests.BlackJack.BlackJackGameManagerTest" file="/Users/bobobackmnan/dbwebb-kurser/mvc/me/report/tests/BlackJack/BlackJackGameManagerTest.php" line="112" assertions="1" time="0.001491"/>
        <testcase name="testStandSplitReturnsNullWhenActiveHandIsHand1" class="App\Tests\BlackJack\BlackJackGameManagerTest" classname="App.Tests.BlackJack.BlackJackGameManagerTest" file="/Users/bobobackmnan/dbwebb-kurser/mvc/me/report/tests/BlackJack/BlackJackGameManagerTest.php" line="144" assertions="2" time="0.000577"/>
        <testcase name="testStandSplitReturnsResultWhenActiveHandIsHand2" class="App\Tests\BlackJack\BlackJackGameManagerTest" classname="App.Tests.BlackJack.BlackJackGameManagerTest" file="/Users/bobobackmnan/dbwebb-kurser/mvc/me/report/tests/BlackJack/BlackJackGameManagerTest.php" line="160" assertions="3" time="0.000686"/>
        <testcase name="testStandReturnsExpectedStructure" class="App\Tests\BlackJack\BlackJackGameManagerTest" classname="App.Tests.BlackJack.BlackJackGameManagerTest" file="/Users/bobobackmnan/dbwebb-kurser/mvc/me/report/tests/BlackJack/BlackJackGameManagerTest.php" line="190" assertions="5" time="0.000481"/>
        <testcase name="testHand2TriggersRedirect" class="App\Tests\BlackJack\BlackJackGameManagerTest" classname="App.Tests.BlackJack.BlackJackGameManagerTest" file="/Users/bobobackmnan/dbwebb-kurser/mvc/me/report/tests/BlackJack/BlackJackGameManagerTest.php" line="225" assertions="1" time="0.000896"/>
        <testcase name="testStartNewGameReturnsExpectedKeys" class="App\Tests\BlackJack\BlackJackGameManagerTest" classname="App.Tests.BlackJack.BlackJackGameManagerTest" file="/Users/bobobackmnan/dbwebb-kurser/mvc/me/report/tests/BlackJack/BlackJackGameManagerTest.php" line="255" assertions="5" time="0.000878"/>
      </testsuite>
      <testsuite name="BlackJackRenderTest" file="/Users/bobobackmnan/dbwebb-kurser/mvc/me/report/tests/BlackJack/BlackJackRenderTest.php" tests="4" assertions="8" errors="0" warnings="0" failures="0" skipped="0" time="0.011939">
        <testcase name="testSimpleRenderGameStart" class="BlackJackRenderTest" classname="BlackJackRenderTest" file="/Users/bobobackmnan/dbwebb-kurser/mvc/me/report/tests/BlackJack/BlackJackRenderTest.php" line="12" assertions="2" time="0.010357"/>
        <testcase name="testSimpleRenderWinner" class="BlackJackRenderTest" classname="BlackJackRenderTest" file="/Users/bobobackmnan/dbwebb-kurser/mvc/me/report/tests/BlackJack/BlackJackRenderTest.php" line="28" assertions="2" time="0.000576"/>
        <testcase name="testSimpleRenderGameSplit" class="BlackJackRenderTest" classname="BlackJackRenderTest" file="/Users/bobobackmnan/dbwebb-kurser/mvc/me/report/tests/BlackJack/BlackJackRenderTest.php" line="44" assertions="2" time="0.000515"/>
        <testcase name="testSimpleRenderWinnerSplit" class="BlackJackRenderTest" classname="BlackJackRenderTest" file="/Users/bobobackmnan/dbwebb-kurser/mvc/me/report/tests/BlackJack/BlackJackRenderTest.php" line="60" assertions="2" time="0.000491"/>
      </testsuite>
      <testsuite name="App\BlackJack\BlackJackRulesTest" file="/Users/bobobackmnan/dbwebb-kurser/mvc/me/report/tests/BlackJack/BlackJackRulesTest.php" tests="12" assertions="18" errors="0" warnings="0" failures="0" skipped="0" time="0.002202">
        <testcase name="testCountPointsHandlesNumberCards" class="App\BlackJack\BlackJackRulesTest" classname="App.BlackJack.BlackJackRulesTest" file="/Users/bobobackmnan/dbwebb-kurser/mvc/me/report/tests/BlackJack/BlackJackRulesTest.php" line="12" assertions="1" time="0.000160"/>
        <testcase name="testCountPointsHandlesFaceCards" class="App\BlackJack\BlackJackRulesTest" classname="App.BlackJack.BlackJackRulesTest" file="/Users/bobobackmnan/dbwebb-kurser/mvc/me/report/tests/BlackJack/BlackJackRulesTest.php" line="25" assertions="1" time="0.000159"/>
        <testcase name="testCountPointsHandlesAces" class="App\BlackJack\BlackJackRulesTest" classname="App.BlackJack.BlackJackRulesTest" file="/Users/bobobackmnan/dbwebb-kurser/mvc/me/report/tests/BlackJack/BlackJackRulesTest.php" line="38" assertions="1" time="0.000156"/>
        <testcase name="testGetIntFromSessionReturnsZeroWhenValueIsNotNumeric" class="App\BlackJack\BlackJackRulesTest" classname="App.BlackJack.BlackJackRulesTest" file="/Users/bobobackmnan/dbwebb-kurser/mvc/me/report/tests/BlackJack/BlackJackRulesTest.php" line="50" assertions="1" time="0.000198"/>
        <testcase name="testCountPointsReducesAceIfOver21" class="App\BlackJack\BlackJackRulesTest" classname="App.BlackJack.BlackJackRulesTest" file="/Users/bobobackmnan/dbwebb-kurser/mvc/me/report/tests/BlackJack/BlackJackRulesTest.php" line="65" assertions="1" time="0.000164"/>
        <testcase name="testCheckOverTrue" class="App\BlackJack\BlackJackRulesTest" classname="App.BlackJack.BlackJackRulesTest" file="/Users/bobobackmnan/dbwebb-kurser/mvc/me/report/tests/BlackJack/BlackJackRulesTest.php" line="78" assertions="2" time="0.000167"/>
        <testcase name="testCheckOverFalse" class="App\BlackJack\BlackJackRulesTest" classname="App.BlackJack.BlackJackRulesTest" file="/Users/bobobackmnan/dbwebb-kurser/mvc/me/report/tests/BlackJack/BlackJackRulesTest.php" line="85" assertions="1" time="0.000370"/>
        <testcase name="testDecideWinnerPlayerLoses" class="App\BlackJack\BlackJackRulesTest" classname="App.BlackJack.BlackJackRulesTest" file="/Users/bobobackmnan/dbwebb-kurser/mvc/me/report/tests/BlackJack/BlackJackRulesTest.php" line="91" assertions="2" time="0.000170"/>
        <testcase name="testDecideWinnerDealerLoses" class="App\BlackJack\BlackJackRulesTest" classname="App.BlackJack.BlackJackRulesTest" file="/Users/bobobackmnan/dbwebb-kurser/mvc/me/report/tests/BlackJack/BlackJackRulesTest.php" line="103" assertions="2" time="0.000165"/>
        <testcase name="testDecideWinnerPlayerBeatsDealer" class="App\BlackJack\BlackJackRulesTest" classname="App.BlackJack.BlackJackRulesTest" file="/Users/bobobackmnan/dbwebb-kurser/mvc/me/report/tests/BlackJack/BlackJackRulesTest.php" line="115" assertions="2" time="0.000164"/>
        <testcase name="testDecideWinnerDealerBeatsPlayer" class="App\BlackJack\BlackJackRulesTest" classname="App.BlackJack.BlackJackRulesTest" file="/Users/bobobackmnan/dbwebb-kurser/mvc/me/report/tests/BlackJack/BlackJackRulesTest.php" line="127" assertions="2" time="0.000163"/>
        <testcase name="testDecideWinnerDraw" class="App\BlackJack\BlackJackRulesTest" classname="App.BlackJack.BlackJackRulesTest" file="/Users/bobobackmnan/dbwebb-kurser/mvc/me/report/tests/BlackJack/BlackJackRulesTest.php" line="139" assertions="2" time="0.000166"/>
      </testsuite>
      <testsuite name="BlackJackSessionTest" file="/Users/bobobackmnan/dbwebb-kurser/mvc/me/report/tests/BlackJack/BlackJackSessionTest.php" tests="11" assertions="18" errors="0" warnings="0" failures="0" skipped="0" time="0.004123">
        <testcase name="testGetCoinsReturnsInt" class="BlackJackSessionTest" classname="BlackJackSessionTest" file="/Users/bobobackmnan/dbwebb-kurser/mvc/me/report/tests/BlackJack/BlackJackSessionTest.php" line="9" assertions="1" time="0.000319"/>
        <testcase name="testGetCoinsThrowsExceptionIfNotInt" class="BlackJackSessionTest" classname="BlackJackSessionTest" file="/Users/bobobackmnan/dbwebb-kurser/mvc/me/report/tests/BlackJack/BlackJackSessionTest.php" line="20" assertions="2" time="0.001122"/>
        <testcase name="testGetDealerCardsThrowsExceptionIfNotArray" class="BlackJackSessionTest" classname="BlackJackSessionTest" file="/Users/bobobackmnan/dbwebb-kurser/mvc/me/report/tests/BlackJack/BlackJackSessionTest.php" line="33" assertions="2" time="0.000338"/>
        <testcase name="testGetDeckThrowsExceptionIfNotArray" class="BlackJackSessionTest" classname="BlackJackSessionTest" file="/Users/bobobackmnan/dbwebb-kurser/mvc/me/report/tests/BlackJack/BlackJackSessionTest.php" line="48" assertions="2" time="0.000316"/>
        <testcase name="testGetHandThrowsExceptionIfNotArray" class="BlackJackSessionTest" classname="BlackJackSessionTest" file="/Users/bobobackmnan/dbwebb-kurser/mvc/me/report/tests/BlackJack/BlackJackSessionTest.php" line="63" assertions="2" time="0.000300"/>
        <testcase name="testSetCoins" class="BlackJackSessionTest" classname="BlackJackSessionTest" file="/Users/bobobackmnan/dbwebb-kurser/mvc/me/report/tests/BlackJack/BlackJackSessionTest.php" line="78" assertions="1" time="0.000264"/>
        <testcase name="testGetStringThrowsExceptionIfNotString" class="BlackJackSessionTest" classname="BlackJackSessionTest" file="/Users/bobobackmnan/dbwebb-kurser/mvc/me/report/tests/BlackJack/BlackJackSessionTest.php" line="89" assertions="2" time="0.000290"/>
        <testcase name="testGetPlayerCardsThrowsExceptionIfNotArray" class="BlackJackSessionTest" classname="BlackJackSessionTest" file="/Users/bobobackmnan/dbwebb-kurser/mvc/me/report/tests/BlackJack/BlackJackSessionTest.php" line="108" assertions="2" time="0.000260"/>
        <testcase name="testGetIntThrowsException" class="BlackJackSessionTest" classname="BlackJackSessionTest" file="/Users/bobobackmnan/dbwebb-kurser/mvc/me/report/tests/BlackJack/BlackJackSessionTest.php" line="121" assertions="2" time="0.000258"/>
        <testcase name="testGetReturnsExpectedValue" class="BlackJackSessionTest" classname="BlackJackSessionTest" file="/Users/bobobackmnan/dbwebb-kurser/mvc/me/report/tests/BlackJack/BlackJackSessionTest.php" line="137" assertions="1" time="0.000354"/>
        <testcase name="testGetReturnsDefault" class="BlackJackSessionTest" classname="BlackJackSessionTest" file="/Users/bobobackmnan/dbwebb-kurser/mvc/me/report/tests/BlackJack/BlackJackSessionTest.php" line="150" assertions="1" time="0.000303"/>
      </testsuite>
      <testsuite name="App\BlackJack\BlackJackTest" file="/Users/bobobackmnan/dbwebb-kurser/mvc/me/report/tests/BlackJack/BlackJackTest.php" tests="3" assertions="9" errors="0" warnings="0" failures="0" skipped="0" time="0.002028">
        <testcase name="testStartGameReturnsExpectedCardStructure" class="App\BlackJack\BlackJackTest" classname="App.BlackJack.BlackJackTest" file="/Users/bobobackmnan/dbwebb-kurser/mvc/me/report/tests/BlackJack/BlackJackTest.php" line="12" assertions="4" time="0.001208"/>
        <testcase name="testStartGameReturnsCardsWithExpectedKeys" class="App\BlackJack\BlackJackTest" classname="App.BlackJack.BlackJackTest" file="/Users/bobobackmnan/dbwebb-kurser/mvc/me/report/tests/BlackJack/BlackJackTest.php" line="25" assertions="4" time="0.000414"/>
        <testcase name="testStartGameReturns52Cards" class="App\BlackJack\BlackJackTest" classname="App.BlackJack.BlackJackTest" file="/Users/bobobackmnan/dbwebb-kurser/mvc/me/report/tests/BlackJack/BlackJackTest.php" line="38" assertions="1" time="0.000407"/>
      </testsuite>
      <testsuite name="App\Card\CardHandTest" file="/Users/bobobackmnan/dbwebb-kurser/mvc/me/report/tests/Card/CardHandTest.php" tests="2" assertions="5" errors="0" warnings="0" failures="0" skipped="0" time="0.000907">
        <testcase name="testAddCardToHandAndCount" class="App\Card\CardHandTest" classname="App.Card.CardHandTest" file="/Users/bobobackmnan/dbwebb-kurser/mvc/me/report/tests/Card/CardHandTest.php" line="12" assertions="4" time="0.000738"/>
        <testcase name="testGetValuesReturnsCardValues" class="App\Card\CardHandTest" classname="App.Card.CardHandTest" file="/Users/bobobackmnan/dbwebb-kurser/mvc/me/report/tests/Card/CardHandTest.php" line="27" assertions="1" time="0.000169"/>
      </testsuite>
      <testsuite name="App\Card\CardTest" file="/Users/bobobackmnan/dbwebb-kurser/mvc/me/report/tests/Card/CardTest.php" tests="3" assertions="3" errors="0" warnings="0" failures="0" skipped="0" time="0.000461">
        <testcase name="testGetValue" class="App\Card\CardTest" classname="App.Card.CardTest" file="/Users/bobobackmnan/dbwebb-kurser/mvc/me/report/tests/Card/CardTest.php" line="12" assertions="1" time="0.000147"/>
        <testcase name="testGetSuit" class="App\Card\CardTest" classname="App.Card.CardTest" file="/Users/bobobackmnan/dbwebb-kurser/mvc/me/report/tests/Card/CardTest.php" line="18" assertions="1" time="0.000157"/>
        <testcase name="testGetAsString" class="App\Card\CardTest" classname="App.Card.CardTest" file="/Users/bobobackmnan/dbwebb-kurser/mvc/me/report/tests/Card/CardTest.php" line="24" assertions="1" time="0.000156"/>
      </testsuite>
      <testsuite name="App\Card\DeckOfCardsTest" file="/Users/bobobackmnan/dbwebb-kurser/mvc/me/report/tests/Card/DeckOfCardsTest.php" tests="2" assertions="5" errors="0" warnings="0" failures="0" skipped="0" time="0.000888">
        <testcase name="testDrawReducesDeckSize" class="App\Card\DeckOfCardsTest" classname="App.Card.DeckOfCardsTest" file="/Users/bobobackmnan/dbwebb-kurser/mvc/me/report/tests/Card/DeckOfCardsTest.php" line="12" assertions="3" time="0.000268"/>
        <testcase name="testResetRestoresFullDeck" class="App\Card\DeckOfCardsTest" classname="App.Card.DeckOfCardsTest" file="/Users/bobobackmnan/dbwebb-kurser/mvc/me/report/tests/Card/DeckOfCardsTest.php" line="24" assertions="2" time="0.000620"/>
      </testsuite>
      <testsuite name="App\Controller\ApiControllerTest" file="/Users/bobobackmnan/dbwebb-kurser/mvc/me/report/tests/Controller/ApiControllerTest.php" tests="10" assertions="35" errors="0" warnings="0" failures="0" skipped="0" time="0.006209">
        <testcase name="testAssertArrayReturnsArray" class="App\Controller\ApiControllerTest" classname="App.Controller.ApiControllerTest" file="/Users/bobobackmnan/dbwebb-kurser/mvc/me/report/tests/Controller/ApiControllerTest.php" line="26" assertions="1" time="0.002120"/>
        <testcase name="testAssertArrayThrowsExceptionForNonArray" class="App\Controller\ApiControllerTest" classname="App.Controller.ApiControllerTest" file="/Users/bobobackmnan/dbwebb-kurser/mvc/me/report/tests/Controller/ApiControllerTest.php" line="34" assertions="2" time="0.000206"/>
        <testcase name="testApiDeckReturns52Cards" class="App\Controller\ApiControllerTest" classname="App.Controller.ApiControllerTest" file="/Users/bobobackmnan/dbwebb-kurser/mvc/me/report/tests/Controller/ApiControllerTest.php" line="42" assertions="4" time="0.001265"/>
        <testcase name="testApiShuffle" class="App\Controller\ApiControllerTest" classname="App.Controller.ApiControllerTest" file="/Users/bobobackmnan/dbwebb-kurser/mvc/me/report/tests/Controller/ApiControllerTest.php" line="56" assertions="6" time="0.000467"/>
        <testcase name="testDrawCardApi" class="App\Controller\ApiControllerTest" classname="App.Controller.ApiControllerTest" file="/Users/bobobackmnan/dbwebb-kurser/mvc/me/report/tests/Controller/ApiControllerTest.php" line="76" assertions="5" time="0.000437"/>
        <testcase name="testDrawMultipleCards" class="App\Controller\ApiControllerTest" classname="App.Controller.ApiControllerTest" file="/Users/bobobackmnan/dbwebb-kurser/mvc/me/report/tests/Controller/ApiControllerTest.php" line="104" assertions="3" time="0.000431"/>
        <testcase name="testDrawTooManyCardsThrowsException" class="App\Controller\ApiControllerTest" classname="App.Controller.ApiControllerTest" file="/Users/bobobackmnan/dbwebb-kurser/mvc/me/report/tests/Controller/ApiControllerTest.php" line="130" assertions="2" time="0.000204"/>
        <testcase name="testDealCardsToPlayers" class="App\Controller\ApiControllerTest" classname="App.Controller.ApiControllerTest" file="/Users/bobobackmnan/dbwebb-kurser/mvc/me/report/tests/Controller/ApiControllerTest.php" line="144" assertions="4" time="0.000438"/>
        <testcase name="testDealTooManyCardsThrowsException" class="App\Controller\ApiControllerTest" classname="App.Controller.ApiControllerTest" file="/Users/bobobackmnan/dbwebb-kurser/mvc/me/report/tests/Controller/ApiControllerTest.php" line="171" assertions="2" time="0.000402"/>
        <testcase name="testGameApiReturnsExpectedSessionData" class="App\Controller\ApiControllerTest" classname="App.Controller.ApiControllerTest" file="/Users/bobobackmnan/dbwebb-kurser/mvc/me/report/tests/Controller/ApiControllerTest.php" line="193" assertions="6" time="0.000239"/>
      </testsuite>
      <testsuite name="App\Controller\CardControllerTest" file="/Users/bobobackmnan/dbwebb-kurser/mvc/me/report/tests/Controller/CardControllerTest.php" tests="13" assertions="42" errors="0" warnings="0" failures="0" skipped="0" time="0.004866">
        <testcase name="testRenderHome" class="App\Controller\CardControllerTest" classname="App.Controller.CardControllerTest" file="/Users/bobobackmnan/dbwebb-kurser/mvc/me/report/tests/Controller/CardControllerTest.php" line="23" assertions="1" time="0.000784"/>
        <testcase name="testSessionGet" class="App\Controller\CardControllerTest" classname="App.Controller.CardControllerTest" file="/Users/bobobackmnan/dbwebb-kurser/mvc/me/report/tests/Controller/CardControllerTest.php" line="39" assertions="4" time="0.000294"/>
        <testcase name="testSessionDestroy" class="App\Controller\CardControllerTest" classname="App.Controller.CardControllerTest" file="/Users/bobobackmnan/dbwebb-kurser/mvc/me/report/tests/Controller/CardControllerTest.php" line="68" assertions="5" time="0.001429"/>
        <testcase name="testRenderDeck" class="App\Controller\CardControllerTest" classname="App.Controller.CardControllerTest" file="/Users/bobobackmnan/dbwebb-kurser/mvc/me/report/tests/Controller/CardControllerTest.php" line="105" assertions="1" time="0.000286"/>
        <testcase name="testShuffleDeck" class="App\Controller\CardControllerTest" classname="App.Controller.CardControllerTest" file="/Users/bobobackmnan/dbwebb-kurser/mvc/me/report/tests/Controller/CardControllerTest.php" line="122" assertions="7" time="0.000445"/>
        <testcase name="testDrawCard" class="App\Controller\CardControllerTest" classname="App.Controller.CardControllerTest" file="/Users/bobobackmnan/dbwebb-kurser/mvc/me/report/tests/Controller/CardControllerTest.php" line="155" assertions="5" time="0.000229"/>
        <testcase name="testDrawCardThrowsExceptionWhenDeckIsInvalid" class="App\Controller\CardControllerTest" classname="App.Controller.CardControllerTest" file="/Users/bobobackmnan/dbwebb-kurser/mvc/me/report/tests/Controller/CardControllerTest.php" line="191" assertions="2" time="0.000204"/>
        <testcase name="testDrawCardsThrowsLogicExceptionOnInvalidDeck" class="App\Controller\CardControllerTest" classname="App.Controller.CardControllerTest" file="/Users/bobobackmnan/dbwebb-kurser/mvc/me/report/tests/Controller/CardControllerTest.php" line="204" assertions="2" time="0.000190"/>
        <testcase name="testDrawCardsThrowsExceptionWhenNotEnoughCards" class="App\Controller\CardControllerTest" classname="App.Controller.CardControllerTest" file="/Users/bobobackmnan/dbwebb-kurser/mvc/me/report/tests/Controller/CardControllerTest.php" line="217" assertions="2" time="0.000189"/>
        <testcase name="testDrawCardsSuccessfullyDrawsCards" class="App\Controller\CardControllerTest" classname="App.Controller.CardControllerTest" file="/Users/bobobackmnan/dbwebb-kurser/mvc/me/report/tests/Controller/CardControllerTest.php" line="233" assertions="4" time="0.000215"/>
        <testcase name="testDrawCardsPlayersDistributesCards" class="App\Controller\CardControllerTest" classname="App.Controller.CardControllerTest" file="/Users/bobobackmnan/dbwebb-kurser/mvc/me/report/tests/Controller/CardControllerTest.php" line="269" assertions="5" time="0.000222"/>
        <testcase name="testDrawCardsPlayersThrowsIfNotEnoughCards" class="App\Controller\CardControllerTest" classname="App.Controller.CardControllerTest" file="/Users/bobobackmnan/dbwebb-kurser/mvc/me/report/tests/Controller/CardControllerTest.php" line="305" assertions="2" time="0.000189"/>
        <testcase name="testDrawCardsPlayersThrowsIfDeckNotArray" class="App\Controller\CardControllerTest" classname="App.Controller.CardControllerTest" file="/Users/bobobackmnan/dbwebb-kurser/mvc/me/report/tests/Controller/CardControllerTest.php" line="318" assertions="2" time="0.000190"/>
      </testsuite>
      <testsuite name="App\Dice\DiceGraphicTest" file="/Users/bobobackmnan/dbwebb-kurser/mvc/me/report/tests/Dice/DiceGraphicTest.php" tests="2" assertions="3" errors="0" warnings="0" failures="0" skipped="0" time="0.000999">
        <testcase name="testCanInstantiateGraphicDice" class="App\Dice\DiceGraphicTest" classname="App.Dice.DiceGraphicTest" file="/Users/bobobackmnan/dbwebb-kurser/mvc/me/report/tests/Dice/DiceGraphicTest.php" line="13" assertions="1" time="0.000803"/>
        <testcase name="testGetAsStringReturnsCorrectSymbol" class="App\Dice\DiceGraphicTest" classname="App.Dice.DiceGraphicTest" file="/Users/bobobackmnan/dbwebb-kurser/mvc/me/report/tests/Dice/DiceGraphicTest.php" line="19" assertions="2" time="0.000196"/>
      </testsuite>
      <testsuite name="App\Dice\DiceHandTest" file="/Users/bobobackmnan/dbwebb-kurser/mvc/me/report/tests/Dice/DiceHandTest.php" tests="4" assertions="16" errors="0" warnings="0" failures="0" skipped="0" time="0.002237">
        <testcase name="testAdd" class="App\Dice\DiceHandTest" classname="App.Dice.DiceHandTest" file="/Users/bobobackmnan/dbwebb-kurser/mvc/me/report/tests/Dice/DiceHandTest.php" line="11" assertions="2" time="0.000651"/>
        <testcase name="testRollDice" class="App\Dice\DiceHandTest" classname="App.Dice.DiceHandTest" file="/Users/bobobackmnan/dbwebb-kurser/mvc/me/report/tests/Dice/DiceHandTest.php" line="29" assertions="8" time="0.001216"/>
        <testcase name="testGetNumberDice" class="App\Dice\DiceHandTest" classname="App.Dice.DiceHandTest" file="/Users/bobobackmnan/dbwebb-kurser/mvc/me/report/tests/Dice/DiceHandTest.php" line="43" assertions="1" time="0.000166"/>
        <testcase name="testGetString" class="App\Dice\DiceHandTest" classname="App.Dice.DiceHandTest" file="/Users/bobobackmnan/dbwebb-kurser/mvc/me/report/tests/Dice/DiceHandTest.php" line="54" assertions="5" time="0.000203"/>
      </testsuite>
      <testsuite name="App\Dice\DiceTest" file="/Users/bobobackmnan/dbwebb-kurser/mvc/me/report/tests/Dice/DiceTest.php" tests="4" assertions="411" errors="0" warnings="0" failures="0" skipped="0" time="0.004885">
        <testcase name="testCreateDice" class="App\Dice\DiceTest" classname="App.Dice.DiceTest" file="/Users/bobobackmnan/dbwebb-kurser/mvc/me/report/tests/Dice/DiceTest.php" line="16" assertions="2" time="0.000181"/>
        <testcase name="testRollDice" class="App\Dice\DiceTest" classname="App.Dice.DiceTest" file="/Users/bobobackmnan/dbwebb-kurser/mvc/me/report/tests/Dice/DiceTest.php" line="25" assertions="402" time="0.004296"/>
        <testcase name="testGetValue" class="App\Dice\DiceTest" classname="App.Dice.DiceTest" file="/Users/bobobackmnan/dbwebb-kurser/mvc/me/report/tests/Dice/DiceTest.php" line="40" assertions="2" time="0.000194"/>
        <testcase name="testGetValueAfterRollReturnsValue" class="App\Dice\DiceTest" classname="App.Dice.DiceTest" file="/Users/bobobackmnan/dbwebb-kurser/mvc/me/report/tests/Dice/DiceTest.php" line="49" assertions="5" time="0.000214"/>
      </testsuite>
      <testsuite name="App\Tests\Repository\ScoreboardRepositoryTest" file="/Users/bobobackmnan/dbwebb-kurser/mvc/me/report/tests/Scoreboard/ScoreboardRepositoryTest.php" tests="1" assertions="2" errors="0" warnings="0" failures="0" skipped="0" time="1.513069">
        <testcase name="testScoreboardCreation" class="App\Tests\Repository\ScoreboardRepositoryTest" classname="App.Tests.Repository.ScoreboardRepositoryTest" file="/Users/bobobackmnan/dbwebb-kurser/mvc/me/report/tests/Scoreboard/ScoreboardRepositoryTest.php" line="26" assertions="2" time="1.513069"/>
      </testsuite>
    </testsuite>
  </testsuite>
</testsuites>
